#
# A fatal error has been detected by the Java Runtime Environment:
#
#  EXCEPTION_ILLEGAL_INSTRUCTION (0xc000001d) at pc=0x0000017e0ffcff22, pid=45412, tid=20100
#
# JRE version: Java(TM) SE Runtime Environment (11.0.2+9) (build 11.0.2+9-LTS)
# Java VM: Java HotSpot(TM) 64-Bit Server VM (11.0.2+9-LTS, mixed mode, tiered, compressed oops, g1 gc, windows-amd64)
# Problematic frame:
# J 10584% c2 cl.j(II)V (1294 bytes) @ 0x0000017e0ffcff22 [0x0000017e0ffcf740+0x00000000000007e2]
#
# No core dump will be written. Minidumps are not enabled by default on client versions of Windows
#
# If you would like to submit a bug report, please visit:
#   http://bugreport.java.com/bugreport/crash.jsp
#

---------------  S U M M A R Y ------------

Command Line: -enableassertions -Dfile.encoding=UTF-8 com.lronnobank.qpplugin.ExamplePluginTest

Host: Intel(R) Core(TM) i7-8750H CPU @ 2.20GHz, 12 cores, 15G,  Windows 10 , 64 bit Build 19041 (10.0.19041.1202)
Time: Sat Oct 23 22:27:18 2021 Eastern Daylight Time elapsed time: 30 seconds (0d 0h 0m 30s)

---------------  T H R E A D  ---------------

Current thread (0x0000017e252a8800):  JavaThread "Client" daemon [_thread_in_Java, id=20100, stack(0x0000007151170000,0x0000007151270000)]

Stack: [0x0000007151170000,0x0000007151270000],  sp=0x000000715126e740,  free space=1017k
Native frames: (J=compiled Java code, j=interpreted, Vv=VM code, C=native code)
C  0x0000017e0ffcff22


siginfo: EXCEPTION_ILLEGAL_INSTRUCTION (0xc000001d)


Register to memory mapping:

RIP=0x0000017e0ffcff22 is at entry_point+2018 in (nmethod*)0x0000017e0ffcf590
RAX=0x0000000000000101 is an unknown value
RBX=0x0 is NULL
RCX=0x0000000000000001 is an unknown value
RDX=0x0000000000008000 is an unknown value
RSP=0x000000715126e740 is pointing into the stack for thread: 0x0000017e252a8800
RBP=0x0000000000000081 is an unknown value
RSI=3781296128 is a compressed pointer to object: [I 
{0x000000070b100000} - klass: {type array int}
 - length: 32768
RDI=0x00000000000000fe is an unknown value
R8 =0x0000000000000080 is an unknown value
R9 =0x000000070b132a80 is an oop: [I 
{0x000000070b132a80} - klass: {type array int}
 - length: 32768
R10=0xffffffffffffff81 is an unknown value
R11=0x0000000000000081 is an unknown value
R12=0x0 is NULL
R13=0x0 is NULL
R14=0x0000000000000001 is an unknown value
R15=0x0000017e252a8800 is a thread


Registers:
RAX=0x0000000000000101, RBX=0x0000000000000000, RCX=0x0000000000000001, RDX=0x0000000000008000
RSP=0x000000715126e740, RBP=0x0000000000000081, RSI=0x00000000e1620000, RDI=0x00000000000000fe
R8 =0x0000000000000080, R9 =0x000000070b132a80, R10=0xffffffffffffff81, R11=0x0000000000000081
R12=0x0000000000000000, R13=0x0000000000000000, R14=0x0000000000000001, R15=0x0000017e252a8800
RIP=0x0000017e0ffcff22, EFLAGS=0x0000000000010286

Top of Stack: (sp=0x000000715126e740)
0x000000715126e740:   0000017e08259e67 0000000000000000
0x000000715126e750:   0000000000000300 0000000000000000
0x000000715126e760:   0000008000008000 0000000000008000
0x000000715126e770:   0000000000000001 0000000000000001
0x000000715126e780:   00000000ffffff81 0000000000000076
0x000000715126e790:   000000000000000a 0000000000007f80
0x000000715126e7a0:   000000715126e810 0000017e08259e67
0x000000715126e7b0:   0000000009ae76ee 0000000000000001
0x000000715126e7c0:   00000007041370d0 000000715126e7c8
0x000000715126e7d0:   0000017e30f9090d 000000715126e868
0x000000715126e7e0:   0000017e34c83f38 0000000000000000
0x000000715126e7f0:   0000000703317c00 0000017e30f909b0
0x000000715126e800:   000000715126e7b0 000000715126e850
0x000000715126e810:   000000715126e8b8 0000017e08259e67
0x000000715126e820:   0000000000000001 000000007ba570c1
0x000000715126e830:   0000000000000127 00000000000000ac 

Instructions: (pc=0x0000017e0ffcff22)
0x0000017e0ffcff02:   5c 24 24 44 89 74 24 34 89 4c 24 38 44 89 6c 24
0x0000017e0ffcff12:   3c c5 fa 11 54 24 40 66 90 e8 e0 91 2a f8 0f 0b
0x0000017e0ffcff22:   0f 0b 0f 0b 89 44 24 20 8b eb e9 a9 fe ff ff ba
0x0000017e0ffcff32:   7e ff ff ff 4c 89 5c 24 20 48 89 44 24 f8 8b 44 


Stack slot to memory mapping:
stack at sp + 0 slots: 0x0000017e08259e67 is at code_begin+2343 in an Interpreter codelet
invoke return entry points  [0x0000017e08259540, 0x0000017e08259f40]  2560 bytes
stack at sp + 1 slots: 0x0 is NULL
stack at sp + 2 slots: 0x0000000000000300 is an unknown value
stack at sp + 3 slots: 0x0 is NULL
stack at sp + 4 slots: 0x0000008000008000 is an unknown value
stack at sp + 5 slots: 0x0000000000008000 is an unknown value
stack at sp + 6 slots: 0x0000000000000001 is an unknown value
stack at sp + 7 slots: 0x0000000000000001 is an unknown value



---------------  P R O C E S S  ---------------

Threads class SMR info:
_java_thread_list=0x0000017e26160580, length=41, elements={
0x0000017e2412d000, 0x0000017e2412e800, 0x0000017e24155800, 0x0000017e24156800,
0x0000017e24158800, 0x0000017e24a41800, 0x0000017e24a42800, 0x0000017e24bbd800,
0x0000017e24bc2800, 0x0000017e27853000, 0x0000017e25bcd000, 0x0000017e26137800,
0x0000017e2632f000, 0x0000017e27b3e800, 0x0000017e27b81000, 0x0000017e27dac800,
0x0000017e27c4c000, 0x0000017e281e8000, 0x0000017e330b5000, 0x0000017e330b5800,
0x0000017e330b2800, 0x0000017e330b6800, 0x0000017e330b7800, 0x0000017e330b4000,
0x0000017e252a8800, 0x0000017e252a6000, 0x0000017e252a3000, 0x0000017e252a7000,
0x0000017e252a8000, 0x0000017e252a4000, 0x0000017e252a9800, 0x0000017e252a5800,
0x0000017e252aa800, 0x0000017e252af000, 0x0000017e252ac800, 0x0000017e252ad800,
0x0000017e252b1000, 0x0000017e252ae800, 0x0000017e252a4800, 0x0000017e320e0000,
0x0000017e320e2800
}

Java Threads: ( => current thread )
  0x0000017e2412d000 JavaThread "Reference Handler" daemon [_thread_blocked, id=42140, stack(0x000000714e400000,0x000000714e500000)]
  0x0000017e2412e800 JavaThread "Finalizer" daemon [_thread_blocked, id=43136, stack(0x000000714e500000,0x000000714e600000)]
  0x0000017e24155800 JavaThread "Signal Dispatcher" daemon [_thread_blocked, id=40684, stack(0x000000714e600000,0x000000714e700000)]
  0x0000017e24156800 JavaThread "Attach Listener" daemon [_thread_blocked, id=50444, stack(0x000000714e700000,0x000000714e800000)]
  0x0000017e24158800 JavaThread "C2 CompilerThread0" daemon [_thread_blocked, id=51036, stack(0x000000714e800000,0x000000714e900000)]
  0x0000017e24a41800 JavaThread "C1 CompilerThread0" daemon [_thread_blocked, id=44336, stack(0x000000714e900000,0x000000714ea00000)]
  0x0000017e24a42800 JavaThread "Sweeper thread" daemon [_thread_blocked, id=44044, stack(0x000000714ea00000,0x000000714eb00000)]
  0x0000017e24bbd800 JavaThread "Service Thread" daemon [_thread_blocked, id=36568, stack(0x000000714eb00000,0x000000714ec00000)]
  0x0000017e24bc2800 JavaThread "Common-Cleaner" daemon [_thread_blocked, id=50724, stack(0x000000714ed00000,0x000000714ee00000)]
  0x0000017e27853000 JavaThread "Java2D Disposer" daemon [_thread_blocked, id=48596, stack(0x000000714ee00000,0x000000714ef00000)]
  0x0000017e25bcd000 JavaThread "AWT-Shutdown" [_thread_blocked, id=40424, stack(0x000000714ef00000,0x000000714f000000)]
  0x0000017e26137800 JavaThread "AWT-Windows" daemon [_thread_in_native, id=26472, stack(0x000000714f900000,0x000000714fa00000)]
  0x0000017e2632f000 JavaThread "AWT-EventQueue-0" [_thread_blocked, id=50692, stack(0x000000714fa00000,0x000000714fb00000)]
  0x0000017e27b3e800 JavaThread "TimerQueue" daemon [_thread_blocked, id=45312, stack(0x0000007150070000,0x0000007150170000)]
  0x0000017e27b81000 JavaThread "logback-1" daemon [_thread_blocked, id=44984, stack(0x0000007150170000,0x0000007150270000)]
  0x0000017e27dac800 JavaThread "OkHttp ConnectionPool" daemon [_thread_blocked, id=30052, stack(0x0000007150470000,0x0000007150570000)]
  0x0000017e27c4c000 JavaThread "Okio Watchdog" daemon [_thread_blocked, id=39020, stack(0x0000007150570000,0x0000007150670000)]
  0x0000017e281e8000 JavaThread "OkHttp DiskLruCache" daemon [_thread_blocked, id=3212, stack(0x0000007150770000,0x0000007150870000)]
  0x0000017e330b5000 JavaThread "pool-3-thread-1" [_thread_blocked, id=49268, stack(0x0000007150870000,0x0000007150970000)]
  0x0000017e330b5800 JavaThread "pool-2-thread-1" [_thread_blocked, id=19684, stack(0x0000007150970000,0x0000007150a70000)]
  0x0000017e330b2800 JavaThread "OkHttp api.runelite.net Writer" [_thread_blocked, id=36876, stack(0x0000007150a70000,0x0000007150b70000)]
  0x0000017e330b6800 JavaThread "OkHttp api.runelite.net" [_thread_in_native, id=32828, stack(0x0000007150d70000,0x0000007150e70000)]
  0x0000017e330b7800 JavaThread "OkHttp Http2Connection" daemon [_thread_blocked, id=39368, stack(0x0000007150e70000,0x0000007150f70000)]
  0x0000017e330b4000 JavaThread "Thread-1" daemon [_thread_blocked, id=48436, stack(0x0000007150c70000,0x0000007150d70000)]
=>0x0000017e252a8800 JavaThread "Client" daemon [_thread_in_Java, id=20100, stack(0x0000007151170000,0x0000007151270000)]
  0x0000017e252a6000 JavaThread "Thread-3" daemon [_thread_blocked, id=50816, stack(0x0000007151270000,0x0000007151370000)]
  0x0000017e252a3000 JavaThread "Substance heap status" daemon [_thread_blocked, id=13152, stack(0x0000007151370000,0x0000007151470000)]
  0x0000017e252a7000 JavaThread "Thread-5" daemon [_thread_blocked, id=38752, stack(0x0000007151670000,0x0000007151770000)]
  0x0000017e252a8000 JavaThread "Thread-6" daemon [_thread_blocked, id=1844, stack(0x0000007151770000,0x0000007151870000)]
  0x0000017e252a4000 JavaThread "pool-4-thread-1" [_thread_in_native, id=46720, stack(0x0000007151870000,0x0000007151970000)]
  0x0000017e252a9800 JavaThread "Trident callback thread" daemon [_thread_blocked, id=37956, stack(0x0000007151b70000,0x0000007151c70000)]
  0x0000017e252a5800 JavaThread "Trident pulse source thread" daemon [_thread_blocked, id=3616, stack(0x0000007151c70000,0x0000007151d70000)]
  0x0000017e252aa800 JavaThread "Thread-9" daemon [_thread_blocked, id=31000, stack(0x0000007151d70000,0x0000007151e70000)]
  0x0000017e252af000 JavaThread "Thread-11" [_thread_blocked, id=47816, stack(0x0000007151f70000,0x0000007152070000)]
  0x0000017e252ac800 JavaThread "OkHttp raw.githubusercontent.com Writer" [_thread_blocked, id=20308, stack(0x0000007152070000,0x0000007152170000)]
  0x0000017e252ad800 JavaThread "OkHttp raw.githubusercontent.com" [_thread_in_native, id=48424, stack(0x0000007152170000,0x0000007152270000)]
  0x0000017e252b1000 JavaThread "DestroyJavaVM" [_thread_blocked, id=50616, stack(0x000000714dd00000,0x000000714de00000)]
  0x0000017e252ae800 JavaThread "Client-SharedResourceRunner" daemon [_thread_blocked, id=32168, stack(0x0000007151570000,0x0000007151670000)]
  0x0000017e252a4800 JavaThread "Java Sound Event Dispatcher" daemon [_thread_blocked, id=10660, stack(0x0000007152870000,0x0000007152970000)]
  0x0000017e320e0000 JavaThread "pool-5-thread-1" [_thread_blocked, id=20556, stack(0x0000007152c70000,0x0000007152d70000)]
  0x0000017e320e2800 JavaThread "Thread-15" daemon [_thread_blocked, id=28200, stack(0x0000007152e70000,0x0000007152f70000)]

Other Threads:
  0x0000017e2412b000 VMThread "VM Thread" [stack: 0x000000714e300000,0x000000714e400000] [id=38096] _threads_hazard_ptr=0x0000017e26160580
  0x0000017e24bc5800 WatcherThread [stack: 0x000000714ec00000,0x000000714ed00000] [id=32616]
  0x0000017e7fc62000 GCTaskThread "GC Thread#0" [stack: 0x000000714de00000,0x000000714df00000] [id=984]
  0x0000017e25a7e800 GCTaskThread "GC Thread#1" [stack: 0x000000714f000000,0x000000714f100000] [id=48124]
  0x0000017e25654800 GCTaskThread "GC Thread#2" [stack: 0x000000714f100000,0x000000714f200000] [id=49104]
  0x0000017e25741800 GCTaskThread "GC Thread#3" [stack: 0x000000714f200000,0x000000714f300000] [id=48372]
  0x0000017e25328800 GCTaskThread "GC Thread#4" [stack: 0x000000714f300000,0x000000714f400000] [id=36956]
  0x0000017e252dc800 GCTaskThread "GC Thread#5" [stack: 0x000000714f400000,0x000000714f500000] [id=24936]
  0x0000017e2838c000 GCTaskThread "GC Thread#6" [stack: 0x0000007150270000,0x0000007150370000] [id=37228]
  0x0000017e27e86800 GCTaskThread "GC Thread#7" [stack: 0x0000007150670000,0x0000007150770000] [id=36560]
  0x0000017e326ac000 GCTaskThread "GC Thread#8" [stack: 0x0000007150f70000,0x0000007151070000] [id=35984]
  0x0000017e280bf000 GCTaskThread "GC Thread#9" [stack: 0x0000007151070000,0x0000007151170000] [id=43408]
  0x0000017e7fcbd000 ConcurrentGCThread "G1 Main Marker" [stack: 0x000000714df00000,0x000000714e000000] [id=24400]
  0x0000017e7fcc0800 ConcurrentGCThread "G1 Conc#0" [stack: 0x000000714e000000,0x000000714e100000] [id=50188]
  0x0000017e2662e800 ConcurrentGCThread "G1 Conc#1" [stack: 0x000000714fe70000,0x000000714ff70000] [id=46140]
  0x0000017e27b29800 ConcurrentGCThread "G1 Conc#2" [stack: 0x000000714ff70000,0x0000007150070000] [id=51156]
  0x0000017e2400f800 ConcurrentGCThread "G1 Refine#0" [stack: 0x000000714e100000,0x000000714e200000] [id=38580]
  0x0000017e25b24000 ConcurrentGCThread "G1 Refine#1" [stack: 0x000000714f500000,0x000000714f600000] [id=35864]
  0x0000017e24bca800 ConcurrentGCThread "G1 Refine#2" [stack: 0x000000714f600000,0x000000714f700000] [id=36988]
  0x0000017e2523f000 ConcurrentGCThread "G1 Refine#3" [stack: 0x000000714f700000,0x000000714f800000] [id=37940]
  0x0000017e24ccc800 ConcurrentGCThread "G1 Refine#4" [stack: 0x000000714f800000,0x000000714f900000] [id=33176]
  0x0000017e24010800 ConcurrentGCThread "G1 Young RemSet Sampling" [stack: 0x000000714e200000,0x000000714e300000] [id=43640]

Threads with active compile tasks:

VM state:synchronizing (normal execution)

VM Mutex/Monitor currently owned by a thread:  ([mutex/lock_event])
[0x0000017e7fc46f10] Safepoint_lock - owner thread: 0x0000017e2412b000
[0x0000017e7fc46190] Threads_lock - owner thread: 0x0000017e2412b000

Heap address: 0x0000000702600000, size: 4058 MB, Compressed Oops mode: Zero based, Oop shift amount: 3
Narrow klass base: 0x0000000800000000, Narrow klass shift: 0
Compressed class space size: 1073741824 Address: 0x0000000800000000

Heap:
 garbage-first heap   total 260096K, used 170837K [0x0000000702600000, 0x0000000800000000)
  region size 1024K, 33 young (33792K), 6 survivors (6144K)
 Metaspace       used 85667K, capacity 89227K, committed 89424K, reserved 1128448K
  class space    used 9323K, capacity 10636K, committed 10752K, reserved 1048576K
Heap Regions: E=young(eden), S=young(survivor), O=old, HS=humongous(starts), HC=humongous(continues), CS=collection set, F=free, A=archive, TAMS=top-at-mark-start (previous, next)
|   0|0x0000000702600000, 0x0000000702700000, 0x0000000702700000|100%| O|  |TAMS 0x0000000702700000, 0x0000000702600000| Complete 
|   1|0x0000000702700000, 0x0000000702800000, 0x0000000702800000|100%| O|  |TAMS 0x0000000702800000, 0x0000000702700000| Complete 
|   2|0x0000000702800000, 0x0000000702900000, 0x0000000702900000|100%| O|  |TAMS 0x0000000702900000, 0x0000000702800000| Complete 
|   3|0x0000000702900000, 0x0000000702a00000, 0x0000000702a00000|100%| O|  |TAMS 0x0000000702a00000, 0x0000000702900000| Untracked 
|   4|0x0000000702a00000, 0x0000000702b00000, 0x0000000702b00000|100%| O|  |TAMS 0x0000000702b00000, 0x0000000702a00000| Complete 
|   5|0x0000000702b00000, 0x0000000702c00000, 0x0000000702c00000|100%| O|  |TAMS 0x0000000702c00000, 0x0000000702b00000| Untracked 
|   6|0x0000000702c00000, 0x0000000702d00000, 0x0000000702d00000|100%| O|  |TAMS 0x0000000702d00000, 0x0000000702c00000| Untracked 
|   7|0x0000000702d00000, 0x0000000702e00000, 0x0000000702e00000|100%| O|  |TAMS 0x0000000702e00000, 0x0000000702d00000| Untracked 
|   8|0x0000000702e00000, 0x0000000702f00000, 0x0000000702f00000|100%| O|  |TAMS 0x0000000702f00000, 0x0000000702e00000| Untracked 
|   9|0x0000000702f00000, 0x0000000703000000, 0x0000000703000000|100%| O|  |TAMS 0x0000000703000000, 0x0000000702f00000| Complete 
|  10|0x0000000703000000, 0x0000000703100000, 0x0000000703100000|100%| O|  |TAMS 0x0000000703100000, 0x0000000703000000| Untracked 
|  11|0x0000000703100000, 0x0000000703200000, 0x0000000703200000|100%| O|  |TAMS 0x0000000703200000, 0x0000000703100000| Untracked 
|  12|0x0000000703200000, 0x0000000703300000, 0x0000000703300000|100%| O|  |TAMS 0x0000000703300000, 0x0000000703200000| Untracked 
|  13|0x0000000703300000, 0x0000000703400000, 0x0000000703400000|100%| O|  |TAMS 0x0000000703400000, 0x0000000703300000| Untracked 
|  14|0x0000000703400000, 0x0000000703500000, 0x0000000703500000|100%| O|  |TAMS 0x0000000703500000, 0x0000000703400000| Untracked 
|  15|0x0000000703500000, 0x0000000703600000, 0x0000000703600000|100%| O|  |TAMS 0x0000000703600000, 0x0000000703500000| Untracked 
|  16|0x0000000703600000, 0x0000000703700000, 0x0000000703700000|100%| O|  |TAMS 0x0000000703700000, 0x0000000703600000| Untracked 
|  17|0x0000000703700000, 0x0000000703800000, 0x0000000703800000|100%| O|  |TAMS 0x0000000703800000, 0x0000000703700000| Untracked 
|  18|0x0000000703800000, 0x0000000703900000, 0x0000000703900000|100%| O|  |TAMS 0x0000000703900000, 0x0000000703800000| Untracked 
|  19|0x0000000703900000, 0x0000000703a00000, 0x0000000703a00000|100%| O|  |TAMS 0x0000000703a00000, 0x0000000703900000| Untracked 
|  20|0x0000000703a00000, 0x0000000703b00000, 0x0000000703b00000|100%| O|  |TAMS 0x0000000703b00000, 0x0000000703a00000| Untracked 
|  21|0x0000000703b00000, 0x0000000703c00000, 0x0000000703c00000|100%| O|  |TAMS 0x0000000703c00000, 0x0000000703b00000| Untracked 
|  22|0x0000000703c00000, 0x0000000703d00000, 0x0000000703d00000|100%| O|  |TAMS 0x0000000703d00000, 0x0000000703c00000| Untracked 
|  23|0x0000000703d00000, 0x0000000703e00000, 0x0000000703e00000|100%|HS|  |TAMS 0x0000000703e00000, 0x0000000703d00000| Complete 
|  24|0x0000000703e00000, 0x0000000703f00000, 0x0000000703f00000|100%|HC|  |TAMS 0x0000000703f00000, 0x0000000703e00000| Complete 
|  25|0x0000000703f00000, 0x0000000704000000, 0x0000000704000000|100%| O|  |TAMS 0x0000000704000000, 0x0000000703f00000| Untracked 
|  26|0x0000000704000000, 0x0000000704100000, 0x0000000704100000|100%| O|  |TAMS 0x0000000704100000, 0x0000000704000000| Untracked 
|  27|0x0000000704100000, 0x0000000704200000, 0x0000000704200000|100%| O|  |TAMS 0x0000000704200000, 0x0000000704100000| Untracked 
|  28|0x0000000704200000, 0x0000000704300000, 0x0000000704300000|100%|HS|  |TAMS 0x0000000704300000, 0x0000000704200000| Complete 
|  29|0x0000000704300000, 0x0000000704400000, 0x0000000704400000|100%|HS|  |TAMS 0x0000000704400000, 0x0000000704300000| Complete 
|  30|0x0000000704400000, 0x0000000704500000, 0x0000000704500000|100%|HS|  |TAMS 0x0000000704500000, 0x0000000704400000| Complete 
|  31|0x0000000704500000, 0x0000000704600000, 0x0000000704600000|100%|HC|  |TAMS 0x0000000704600000, 0x0000000704500000| Complete 
|  32|0x0000000704600000, 0x0000000704700000, 0x0000000704700000|100%| O|  |TAMS 0x0000000704700000, 0x0000000704600000| Untracked 
|  33|0x0000000704700000, 0x0000000704800000, 0x0000000704800000|100%| O|  |TAMS 0x0000000704800000, 0x0000000704700000| Untracked 
|  34|0x0000000704800000, 0x0000000704900000, 0x0000000704900000|100%| O|  |TAMS 0x0000000704900000, 0x0000000704800000| Complete 
|  35|0x0000000704900000, 0x0000000704a00000, 0x0000000704a00000|100%| O|  |TAMS 0x0000000704a00000, 0x0000000704900000| Untracked 
|  36|0x0000000704a00000, 0x0000000704b00000, 0x0000000704b00000|100%| O|  |TAMS 0x0000000704b00000, 0x0000000704a00000| Untracked 
|  37|0x0000000704b00000, 0x0000000704c00000, 0x0000000704c00000|100%| O|  |TAMS 0x0000000704c00000, 0x0000000704b00000| Complete 
|  38|0x0000000704c00000, 0x0000000704d00000, 0x0000000704d00000|100%| O|  |TAMS 0x0000000704d00000, 0x0000000704c00000| Untracked 
|  39|0x0000000704d00000, 0x0000000704e00000, 0x0000000704e00000|100%| O|  |TAMS 0x0000000704e00000, 0x0000000704d00000| Untracked 
|  40|0x0000000704e00000, 0x0000000704f00000, 0x0000000704f00000|100%| O|  |TAMS 0x0000000704f00000, 0x0000000704e00000| Complete 
|  41|0x0000000704f00000, 0x0000000705000000, 0x0000000705000000|100%| O|  |TAMS 0x0000000705000000, 0x0000000704f00000| Untracked 
|  42|0x0000000705000000, 0x0000000705100000, 0x0000000705100000|100%| O|  |TAMS 0x0000000705100000, 0x0000000705000000| Untracked 
|  43|0x0000000705100000, 0x0000000705200000, 0x0000000705200000|100%| O|  |TAMS 0x0000000705200000, 0x0000000705100000| Untracked 
|  44|0x0000000705200000, 0x0000000705300000, 0x0000000705300000|100%| O|  |TAMS 0x0000000705300000, 0x0000000705200000| Untracked 
|  45|0x0000000705300000, 0x0000000705400000, 0x0000000705400000|100%| O|  |TAMS 0x0000000705400000, 0x0000000705300000| Untracked 
|  46|0x0000000705400000, 0x0000000705500000, 0x0000000705500000|100%| O|  |TAMS 0x0000000705500000, 0x0000000705400000| Untracked 
|  47|0x0000000705500000, 0x0000000705600000, 0x0000000705600000|100%| O|  |TAMS 0x0000000705600000, 0x0000000705500000| Untracked 
|  48|0x0000000705600000, 0x0000000705700000, 0x0000000705700000|100%| O|  |TAMS 0x0000000705700000, 0x0000000705600000| Untracked 
|  49|0x0000000705700000, 0x0000000705800000, 0x0000000705800000|100%| O|  |TAMS 0x0000000705800000, 0x0000000705700000| Untracked 
|  50|0x0000000705800000, 0x0000000705900000, 0x0000000705900000|100%| O|  |TAMS 0x0000000705900000, 0x0000000705800000| Complete 
|  51|0x0000000705900000, 0x0000000705a00000, 0x0000000705a00000|100%| O|  |TAMS 0x0000000705a00000, 0x0000000705900000| Untracked 
|  52|0x0000000705a00000, 0x0000000705b00000, 0x0000000705b00000|100%| O|  |TAMS 0x0000000705b00000, 0x0000000705a00000| Untracked 
|  53|0x0000000705b00000, 0x0000000705c00000, 0x0000000705c00000|100%| O|  |TAMS 0x0000000705c00000, 0x0000000705b00000| Untracked 
|  54|0x0000000705c00000, 0x0000000705d00000, 0x0000000705d00000|100%| O|  |TAMS 0x0000000705d00000, 0x0000000705c00000| Untracked 
|  55|0x0000000705d00000, 0x0000000705e00000, 0x0000000705e00000|100%| O|  |TAMS 0x0000000705e00000, 0x0000000705d00000| Complete 
|  56|0x0000000705e00000, 0x0000000705f00000, 0x0000000705f00000|100%| O|  |TAMS 0x0000000705f00000, 0x0000000705e00000| Complete 
|  57|0x0000000705f00000, 0x0000000706000000, 0x0000000706000000|100%|HS|  |TAMS 0x0000000705f00000, 0x0000000705f00000| Complete 
|  58|0x0000000706000000, 0x0000000706000000, 0x0000000706100000|  0%| F|  |TAMS 0x0000000706000000, 0x0000000706000000| Untracked 
|  59|0x0000000706100000, 0x0000000706200000, 0x0000000706200000|100%| O|  |TAMS 0x0000000706200000, 0x0000000706100000| Complete 
|  60|0x0000000706200000, 0x0000000706300000, 0x0000000706300000|100%| O|  |TAMS 0x0000000706300000, 0x0000000706200000| Untracked 
|  61|0x0000000706300000, 0x0000000706400000, 0x0000000706400000|100%| O|  |TAMS 0x0000000706400000, 0x0000000706300000| Untracked 
|  62|0x0000000706400000, 0x0000000706500000, 0x0000000706500000|100%|HS|  |TAMS 0x0000000706400000, 0x0000000706400000| Complete 
|  63|0x0000000706500000, 0x0000000706600000, 0x0000000706600000|100%|HC|  |TAMS 0x0000000706500000, 0x0000000706500000| Complete 
|  64|0x0000000706600000, 0x0000000706700000, 0x0000000706700000|100%| O|  |TAMS 0x0000000706700000, 0x0000000706600000| Complete 
|  65|0x0000000706700000, 0x0000000706800000, 0x0000000706800000|100%| O|  |TAMS 0x0000000706800000, 0x0000000706700000| Untracked 
|  66|0x0000000706800000, 0x0000000706900000, 0x0000000706900000|100%| O|  |TAMS 0x0000000706900000, 0x0000000706800000| Complete 
|  67|0x0000000706900000, 0x0000000706a00000, 0x0000000706a00000|100%| O|  |TAMS 0x0000000706a00000, 0x0000000706900000| Complete 
|  68|0x0000000706a00000, 0x0000000706b00000, 0x0000000706b00000|100%| O|  |TAMS 0x0000000706b00000, 0x0000000706a00000| Complete 
|  69|0x0000000706b00000, 0x0000000706c00000, 0x0000000706c00000|100%| O|  |TAMS 0x0000000706c00000, 0x0000000706b00000| Complete 
|  70|0x0000000706c00000, 0x0000000706c00000, 0x0000000706d00000|  0%| F|  |TAMS 0x0000000706c00000, 0x0000000706c00000| Untracked 
|  71|0x0000000706d00000, 0x0000000706e00000, 0x0000000706e00000|100%| O|  |TAMS 0x0000000706e00000, 0x0000000706d00000| Complete 
|  72|0x0000000706e00000, 0x0000000706f00000, 0x0000000706f00000|100%| O|  |TAMS 0x0000000706f00000, 0x0000000706e00000| Complete 
|  73|0x0000000706f00000, 0x0000000707000000, 0x0000000707000000|100%| O|  |TAMS 0x0000000707000000, 0x0000000706f00000| Complete 
|  74|0x0000000707000000, 0x0000000707100000, 0x0000000707100000|100%| O|  |TAMS 0x0000000707100000, 0x0000000707000000| Complete 
|  75|0x0000000707100000, 0x0000000707200000, 0x0000000707200000|100%| O|  |TAMS 0x0000000707200000, 0x0000000707100000| Complete 
|  76|0x0000000707200000, 0x0000000707300000, 0x0000000707300000|100%| O|  |TAMS 0x0000000707300000, 0x0000000707200000| Complete 
|  77|0x0000000707300000, 0x0000000707400000, 0x0000000707400000|100%| O|  |TAMS 0x0000000707400000, 0x0000000707300000| Untracked 
|  78|0x0000000707400000, 0x0000000707500000, 0x0000000707500000|100%| O|  |TAMS 0x0000000707500000, 0x0000000707400000| Complete 
|  79|0x0000000707500000, 0x0000000707600000, 0x0000000707600000|100%| O|  |TAMS 0x0000000707600000, 0x0000000707500000| Complete 
|  80|0x0000000707600000, 0x0000000707700000, 0x0000000707700000|100%| O|  |TAMS 0x0000000707700000, 0x0000000707600000| Complete 
|  81|0x0000000707700000, 0x0000000707800000, 0x0000000707800000|100%| O|  |TAMS 0x0000000707800000, 0x0000000707700000| Complete 
|  82|0x0000000707800000, 0x0000000707900000, 0x0000000707900000|100%| O|  |TAMS 0x0000000707900000, 0x0000000707800000| Complete 
|  83|0x0000000707900000, 0x0000000707a00000, 0x0000000707a00000|100%|HS|  |TAMS 0x0000000707a00000, 0x0000000707900000| Complete 
|  84|0x0000000707a00000, 0x0000000707b00000, 0x0000000707b00000|100%|HC|  |TAMS 0x0000000707b00000, 0x0000000707a00000| Complete 
|  85|0x0000000707b00000, 0x0000000707c00000, 0x0000000707c00000|100%|HC|  |TAMS 0x0000000707c00000, 0x0000000707b00000| Complete 
|  86|0x0000000707c00000, 0x0000000707d00000, 0x0000000707d00000|100%|HC|  |TAMS 0x0000000707d00000, 0x0000000707c00000| Complete 
|  87|0x0000000707d00000, 0x0000000707e00000, 0x0000000707e00000|100%|HC|  |TAMS 0x0000000707e00000, 0x0000000707d00000| Complete 
|  88|0x0000000707e00000, 0x0000000707f00000, 0x0000000707f00000|100%|HC|  |TAMS 0x0000000707f00000, 0x0000000707e00000| Complete 
|  89|0x0000000707f00000, 0x0000000708000000, 0x0000000708000000|100%|HC|  |TAMS 0x0000000708000000, 0x0000000707f00000| Complete 
|  90|0x0000000708000000, 0x0000000708100000, 0x0000000708100000|100%|HC|  |TAMS 0x0000000708100000, 0x0000000708000000| Complete 
|  91|0x0000000708100000, 0x0000000708200000, 0x0000000708200000|100%| O|  |TAMS 0x0000000708200000, 0x0000000708100000| Untracked 
|  92|0x0000000708200000, 0x0000000708300000, 0x0000000708300000|100%| O|  |TAMS 0x0000000708300000, 0x0000000708200000| Untracked 
|  93|0x0000000708300000, 0x0000000708400000, 0x0000000708400000|100%| O|  |TAMS 0x0000000708400000, 0x0000000708300000| Untracked 
|  94|0x0000000708400000, 0x0000000708500000, 0x0000000708500000|100%| O|  |TAMS 0x0000000708500000, 0x0000000708400000| Untracked 
|  95|0x0000000708500000, 0x0000000708600000, 0x0000000708600000|100%| O|  |TAMS 0x0000000708600000, 0x0000000708500000| Complete 
|  96|0x0000000708600000, 0x0000000708700000, 0x0000000708700000|100%| O|  |TAMS 0x0000000708700000, 0x0000000708600000| Complete 
|  97|0x0000000708700000, 0x0000000708800000, 0x0000000708800000|100%| O|  |TAMS 0x0000000708800000, 0x0000000708700000| Untracked 
|  98|0x0000000708800000, 0x0000000708900000, 0x0000000708900000|100%| O|  |TAMS 0x0000000708900000, 0x0000000708800000| Complete 
|  99|0x0000000708900000, 0x0000000708a00000, 0x0000000708a00000|100%| O|  |TAMS 0x0000000708a00000, 0x0000000708900000| Untracked 
| 100|0x0000000708a00000, 0x0000000708b00000, 0x0000000708b00000|100%| O|  |TAMS 0x0000000708b00000, 0x0000000708a00000| Untracked 
| 101|0x0000000708b00000, 0x0000000708c00000, 0x0000000708c00000|100%| O|  |TAMS 0x0000000708c00000, 0x0000000708b00000| Untracked 
| 102|0x0000000708c00000, 0x0000000708d00000, 0x0000000708d00000|100%| O|  |TAMS 0x0000000708d00000, 0x0000000708c00000| Complete 
| 103|0x0000000708d00000, 0x0000000708e00000, 0x0000000708e00000|100%| O|  |TAMS 0x0000000708e00000, 0x0000000708d00000| Complete 
| 104|0x0000000708e00000, 0x0000000708f00000, 0x0000000708f00000|100%| O|  |TAMS 0x0000000708f00000, 0x0000000708e00000| Complete 
| 105|0x0000000708f00000, 0x0000000709000000, 0x0000000709000000|100%| O|  |TAMS 0x0000000709000000, 0x0000000708f00000| Complete 
| 106|0x0000000709000000, 0x0000000709100000, 0x0000000709100000|100%| O|  |TAMS 0x0000000709100000, 0x0000000709000000| Complete 
| 107|0x0000000709100000, 0x0000000709200000, 0x0000000709200000|100%| O|  |TAMS 0x0000000709200000, 0x0000000709100000| Complete 
| 108|0x0000000709200000, 0x0000000709300000, 0x0000000709300000|100%| O|  |TAMS 0x0000000709300000, 0x0000000709200000| Complete 
| 109|0x0000000709300000, 0x0000000709300000, 0x0000000709400000|  0%| F|  |TAMS 0x0000000709300000, 0x0000000709300000| Untracked 
| 110|0x0000000709400000, 0x0000000709500000, 0x0000000709500000|100%| O|  |TAMS 0x0000000709500000, 0x0000000709400000| Complete 
| 111|0x0000000709500000, 0x0000000709600000, 0x0000000709600000|100%| O|  |TAMS 0x0000000709600000, 0x0000000709500000| Complete 
| 112|0x0000000709600000, 0x0000000709700000, 0x0000000709700000|100%| O|  |TAMS 0x0000000709700000, 0x0000000709600000| Complete 
| 113|0x0000000709700000, 0x0000000709800000, 0x0000000709800000|100%| O|  |TAMS 0x0000000709800000, 0x0000000709700000| Complete 
| 114|0x0000000709800000, 0x0000000709800000, 0x0000000709900000|  0%| F|  |TAMS 0x0000000709800000, 0x0000000709800000| Untracked 
| 115|0x0000000709900000, 0x0000000709900000, 0x0000000709a00000|  0%| F|  |TAMS 0x0000000709900000, 0x0000000709900000| Untracked 
| 116|0x0000000709a00000, 0x0000000709b00000, 0x0000000709b00000|100%| O|  |TAMS 0x0000000709b00000, 0x0000000709a00000| Complete 
| 117|0x0000000709b00000, 0x0000000709c00000, 0x0000000709c00000|100%| O|  |TAMS 0x0000000709c00000, 0x0000000709b00000| Complete 
| 118|0x0000000709c00000, 0x0000000709d00000, 0x0000000709d00000|100%| O|  |TAMS 0x0000000709d00000, 0x0000000709c00000| Complete 
| 119|0x0000000709d00000, 0x0000000709e00000, 0x0000000709e00000|100%| O|  |TAMS 0x0000000709e00000, 0x0000000709d00000| Complete 
| 120|0x0000000709e00000, 0x0000000709f00000, 0x0000000709f00000|100%| O|  |TAMS 0x0000000709f00000, 0x0000000709e00000| Complete 
| 121|0x0000000709f00000, 0x000000070a000000, 0x000000070a000000|100%| O|  |TAMS 0x000000070a000000, 0x0000000709f00000| Complete 
| 122|0x000000070a000000, 0x000000070a000000, 0x000000070a100000|  0%| F|  |TAMS 0x000000070a000000, 0x000000070a000000| Untracked 
| 123|0x000000070a100000, 0x000000070a200000, 0x000000070a200000|100%| O|  |TAMS 0x000000070a200000, 0x000000070a100000| Complete 
| 124|0x000000070a200000, 0x000000070a300000, 0x000000070a300000|100%| O|  |TAMS 0x000000070a300000, 0x000000070a200000| Complete 
| 125|0x000000070a300000, 0x000000070a400000, 0x000000070a400000|100%| O|  |TAMS 0x000000070a400000, 0x000000070a300000| Complete 
| 126|0x000000070a400000, 0x000000070a500000, 0x000000070a500000|100%| O|  |TAMS 0x000000070a500000, 0x000000070a400000| Complete 
| 127|0x000000070a500000, 0x000000070a600000, 0x000000070a600000|100%| O|  |TAMS 0x000000070a600000, 0x000000070a500000| Untracked 
| 128|0x000000070a600000, 0x000000070a700000, 0x000000070a700000|100%| O|  |TAMS 0x000000070a700000, 0x000000070a600000| Untracked 
| 129|0x000000070a700000, 0x000000070a800000, 0x000000070a800000|100%| O|  |TAMS 0x000000070a800000, 0x000000070a700000| Untracked 
| 130|0x000000070a800000, 0x000000070a900000, 0x000000070a900000|100%| O|  |TAMS 0x000000070a900000, 0x000000070a800000| Complete 
| 131|0x000000070a900000, 0x000000070aa00000, 0x000000070aa00000|100%| O|  |TAMS 0x000000070aa00000, 0x000000070a900000| Complete 
| 132|0x000000070aa00000, 0x000000070ab00000, 0x000000070ab00000|100%| O|  |TAMS 0x000000070ab00000, 0x000000070aa00000| Complete 
| 133|0x000000070ab00000, 0x000000070ac00000, 0x000000070ac00000|100%| O|  |TAMS 0x000000070ac00000, 0x000000070ab00000| Complete 
| 134|0x000000070ac00000, 0x000000070ad00000, 0x000000070ad00000|100%| O|  |TAMS 0x000000070ad00000, 0x000000070ac00000| Complete 
| 135|0x000000070ad00000, 0x000000070ae00000, 0x000000070ae00000|100%|HS|  |TAMS 0x000000070ae00000, 0x000000070ad00000| Complete 
| 136|0x000000070ae00000, 0x000000070af00000, 0x000000070af00000|100%|HC|  |TAMS 0x000000070af00000, 0x000000070ae00000| Complete 
| 137|0x000000070af00000, 0x000000070b000000, 0x000000070b000000|100%|HC|  |TAMS 0x000000070b000000, 0x000000070af00000| Complete 
| 138|0x000000070b000000, 0x000000070b100000, 0x000000070b100000|100%| O|  |TAMS 0x000000070b100000, 0x000000070b000000| Complete 
| 139|0x000000070b100000, 0x000000070b200000, 0x000000070b200000|100%| O|  |TAMS 0x000000070b200000, 0x000000070b100000| Complete 
| 140|0x000000070b200000, 0x000000070b300000, 0x000000070b300000|100%| O|  |TAMS 0x000000070b300000, 0x000000070b200000| Complete 
| 141|0x000000070b300000, 0x000000070b300000, 0x000000070b400000|  0%| F|  |TAMS 0x000000070b300000, 0x000000070b300000| Untracked 
| 142|0x000000070b400000, 0x000000070b4d5600, 0x000000070b500000| 83%| O|  |TAMS 0x000000070b4d5600, 0x000000070b400000| Untracked 
| 143|0x000000070b500000, 0x000000070b500000, 0x000000070b600000|  0%| F|  |TAMS 0x000000070b500000, 0x000000070b500000| Untracked 
| 144|0x000000070b600000, 0x000000070b600000, 0x000000070b700000|  0%| F|  |TAMS 0x000000070b600000, 0x000000070b600000| Untracked 
| 145|0x000000070b700000, 0x000000070b700000, 0x000000070b800000|  0%| F|  |TAMS 0x000000070b700000, 0x000000070b700000| Untracked 
| 146|0x000000070b800000, 0x000000070b800000, 0x000000070b900000|  0%| F|  |TAMS 0x000000070b800000, 0x000000070b800000| Untracked 
| 147|0x000000070b900000, 0x000000070b900000, 0x000000070ba00000|  0%| F|  |TAMS 0x000000070b900000, 0x000000070b900000| Untracked 
| 148|0x000000070ba00000, 0x000000070ba00000, 0x000000070bb00000|  0%| F|  |TAMS 0x000000070ba00000, 0x000000070ba00000| Untracked 
| 149|0x000000070bb00000, 0x000000070bb00000, 0x000000070bc00000|  0%| F|  |TAMS 0x000000070bb00000, 0x000000070bb00000| Untracked 
| 150|0x000000070bc00000, 0x000000070bc00000, 0x000000070bd00000|  0%| F|  |TAMS 0x000000070bc00000, 0x000000070bc00000| Untracked 
| 151|0x000000070bd00000, 0x000000070bd00000, 0x000000070be00000|  0%| F|  |TAMS 0x000000070bd00000, 0x000000070bd00000| Untracked 
| 152|0x000000070be00000, 0x000000070be00000, 0x000000070bf00000|  0%| F|  |TAMS 0x000000070be00000, 0x000000070be00000| Untracked 
| 153|0x000000070bf00000, 0x000000070bf00000, 0x000000070c000000|  0%| F|  |TAMS 0x000000070bf00000, 0x000000070bf00000| Untracked 
| 154|0x000000070c000000, 0x000000070c000000, 0x000000070c100000|  0%| F|  |TAMS 0x000000070c000000, 0x000000070c000000| Untracked 
| 155|0x000000070c100000, 0x000000070c100000, 0x000000070c200000|  0%| F|  |TAMS 0x000000070c100000, 0x000000070c100000| Untracked 
| 156|0x000000070c200000, 0x000000070c200000, 0x000000070c300000|  0%| F|  |TAMS 0x000000070c200000, 0x000000070c200000| Untracked 
| 157|0x000000070c300000, 0x000000070c300000, 0x000000070c400000|  0%| F|  |TAMS 0x000000070c300000, 0x000000070c300000| Untracked 
| 158|0x000000070c400000, 0x000000070c400000, 0x000000070c500000|  0%| F|  |TAMS 0x000000070c400000, 0x000000070c400000| Untracked 
| 159|0x000000070c500000, 0x000000070c500000, 0x000000070c600000|  0%| F|  |TAMS 0x000000070c500000, 0x000000070c500000| Untracked 
| 160|0x000000070c600000, 0x000000070c600000, 0x000000070c700000|  0%| F|  |TAMS 0x000000070c600000, 0x000000070c600000| Untracked 
| 161|0x000000070c700000, 0x000000070c700000, 0x000000070c800000|  0%| F|  |TAMS 0x000000070c700000, 0x000000070c700000| Untracked 
| 162|0x000000070c800000, 0x000000070c800000, 0x000000070c900000|  0%| F|  |TAMS 0x000000070c800000, 0x000000070c800000| Untracked 
| 163|0x000000070c900000, 0x000000070c900000, 0x000000070ca00000|  0%| F|  |TAMS 0x000000070c900000, 0x000000070c900000| Untracked 
| 164|0x000000070ca00000, 0x000000070ca00000, 0x000000070cb00000|  0%| F|  |TAMS 0x000000070ca00000, 0x000000070ca00000| Untracked 
| 165|0x000000070cb00000, 0x000000070cb00000, 0x000000070cc00000|  0%| F|  |TAMS 0x000000070cb00000, 0x000000070cb00000| Untracked 
| 166|0x000000070cc00000, 0x000000070cc00000, 0x000000070cd00000|  0%| F|  |TAMS 0x000000070cc00000, 0x000000070cc00000| Untracked 
| 167|0x000000070cd00000, 0x000000070cd00000, 0x000000070ce00000|  0%| F|  |TAMS 0x000000070cd00000, 0x000000070cd00000| Untracked 
| 168|0x000000070ce00000, 0x000000070ce00000, 0x000000070cf00000|  0%| F|  |TAMS 0x000000070ce00000, 0x000000070ce00000| Untracked 
| 169|0x000000070cf00000, 0x000000070cf00000, 0x000000070d000000|  0%| F|  |TAMS 0x000000070cf00000, 0x000000070cf00000| Untracked 
| 170|0x000000070d000000, 0x000000070d000000, 0x000000070d100000|  0%| F|  |TAMS 0x000000070d000000, 0x000000070d000000| Untracked 
| 171|0x000000070d100000, 0x000000070d100000, 0x000000070d200000|  0%| F|  |TAMS 0x000000070d100000, 0x000000070d100000| Untracked 
| 172|0x000000070d200000, 0x000000070d200000, 0x000000070d300000|  0%| F|  |TAMS 0x000000070d200000, 0x000000070d200000| Untracked 
| 173|0x000000070d300000, 0x000000070d300000, 0x000000070d400000|  0%| F|  |TAMS 0x000000070d300000, 0x000000070d300000| Untracked 
| 174|0x000000070d400000, 0x000000070d400000, 0x000000070d500000|  0%| F|  |TAMS 0x000000070d400000, 0x000000070d400000| Untracked 
| 175|0x000000070d500000, 0x000000070d500000, 0x000000070d600000|  0%| F|  |TAMS 0x000000070d500000, 0x000000070d500000| Untracked 
| 176|0x000000070d600000, 0x000000070d600000, 0x000000070d700000|  0%| F|  |TAMS 0x000000070d600000, 0x000000070d600000| Untracked 
| 177|0x000000070d700000, 0x000000070d700000, 0x000000070d800000|  0%| F|  |TAMS 0x000000070d700000, 0x000000070d700000| Untracked 
| 178|0x000000070d800000, 0x000000070d800000, 0x000000070d900000|  0%| F|  |TAMS 0x000000070d800000, 0x000000070d800000| Untracked 
| 179|0x000000070d900000, 0x000000070d900000, 0x000000070da00000|  0%| F|  |TAMS 0x000000070d900000, 0x000000070d900000| Untracked 
| 180|0x000000070da00000, 0x000000070da00000, 0x000000070db00000|  0%| F|  |TAMS 0x000000070da00000, 0x000000070da00000| Untracked 
| 181|0x000000070db00000, 0x000000070db00000, 0x000000070dc00000|  0%| F|  |TAMS 0x000000070db00000, 0x000000070db00000| Untracked 
| 182|0x000000070dc00000, 0x000000070dc00000, 0x000000070dd00000|  0%| F|  |TAMS 0x000000070dc00000, 0x000000070dc00000| Untracked 
| 183|0x000000070dd00000, 0x000000070dd00000, 0x000000070de00000|  0%| F|  |TAMS 0x000000070dd00000, 0x000000070dd00000| Untracked 
| 184|0x000000070de00000, 0x000000070de00000, 0x000000070df00000|  0%| F|  |TAMS 0x000000070de00000, 0x000000070de00000| Untracked 
| 185|0x000000070df00000, 0x000000070df00000, 0x000000070e000000|  0%| F|  |TAMS 0x000000070df00000, 0x000000070df00000| Untracked 
| 186|0x000000070e000000, 0x000000070e000000, 0x000000070e100000|  0%| F|  |TAMS 0x000000070e000000, 0x000000070e000000| Untracked 
| 187|0x000000070e100000, 0x000000070e100000, 0x000000070e200000|  0%| F|  |TAMS 0x000000070e100000, 0x000000070e100000| Untracked 
| 188|0x000000070e200000, 0x000000070e200000, 0x000000070e300000|  0%| F|  |TAMS 0x000000070e200000, 0x000000070e200000| Untracked 
| 189|0x000000070e300000, 0x000000070e300000, 0x000000070e400000|  0%| F|  |TAMS 0x000000070e300000, 0x000000070e300000| Untracked 
| 190|0x000000070e400000, 0x000000070e400000, 0x000000070e500000|  0%| F|  |TAMS 0x000000070e400000, 0x000000070e400000| Untracked 
| 191|0x000000070e500000, 0x000000070e500000, 0x000000070e600000|  0%| F|  |TAMS 0x000000070e500000, 0x000000070e500000| Untracked 
| 192|0x000000070e600000, 0x000000070e600000, 0x000000070e700000|  0%| F|  |TAMS 0x000000070e600000, 0x000000070e600000| Untracked 
| 193|0x000000070e700000, 0x000000070e700000, 0x000000070e800000|  0%| F|  |TAMS 0x000000070e700000, 0x000000070e700000| Untracked 
| 194|0x000000070e800000, 0x000000070e800000, 0x000000070e900000|  0%| F|  |TAMS 0x000000070e800000, 0x000000070e800000| Untracked 
| 195|0x000000070e900000, 0x000000070e900000, 0x000000070ea00000|  0%| F|  |TAMS 0x000000070e900000, 0x000000070e900000| Untracked 
| 196|0x000000070ea00000, 0x000000070ea00000, 0x000000070eb00000|  0%| F|  |TAMS 0x000000070ea00000, 0x000000070ea00000| Untracked 
| 197|0x000000070eb00000, 0x000000070eb00000, 0x000000070ec00000|  0%| F|  |TAMS 0x000000070eb00000, 0x000000070eb00000| Untracked 
| 198|0x000000070ec00000, 0x000000070ec00000, 0x000000070ed00000|  0%| F|  |TAMS 0x000000070ec00000, 0x000000070ec00000| Untracked 
| 199|0x000000070ed00000, 0x000000070ed00000, 0x000000070ee00000|  0%| F|  |TAMS 0x000000070ed00000, 0x000000070ed00000| Untracked 
| 200|0x000000070ee00000, 0x000000070ee00000, 0x000000070ef00000|  0%| F|  |TAMS 0x000000070ee00000, 0x000000070ee00000| Untracked 
| 201|0x000000070ef00000, 0x000000070ef00000, 0x000000070f000000|  0%| F|  |TAMS 0x000000070ef00000, 0x000000070ef00000| Untracked 
| 202|0x000000070f000000, 0x000000070f000000, 0x000000070f100000|  0%| F|  |TAMS 0x000000070f000000, 0x000000070f000000| Untracked 
| 203|0x000000070f100000, 0x000000070f100000, 0x000000070f200000|  0%| F|  |TAMS 0x000000070f100000, 0x000000070f100000| Untracked 
| 204|0x000000070f200000, 0x000000070f200000, 0x000000070f300000|  0%| F|  |TAMS 0x000000070f200000, 0x000000070f200000| Untracked 
| 205|0x000000070f300000, 0x000000070f300000, 0x000000070f400000|  0%| F|  |TAMS 0x000000070f300000, 0x000000070f300000| Untracked 
| 206|0x000000070f400000, 0x000000070f500000, 0x000000070f500000|100%| S|CS|TAMS 0x000000070f400000, 0x000000070f400000| Complete 
| 207|0x000000070f500000, 0x000000070f600000, 0x000000070f600000|100%| S|CS|TAMS 0x000000070f500000, 0x000000070f500000| Complete 
| 208|0x000000070f600000, 0x000000070f700000, 0x000000070f700000|100%| S|CS|TAMS 0x000000070f600000, 0x000000070f600000| Complete 
| 209|0x000000070f700000, 0x000000070f800000, 0x000000070f800000|100%| S|CS|TAMS 0x000000070f700000, 0x000000070f700000| Complete 
| 210|0x000000070f800000, 0x000000070f900000, 0x000000070f900000|100%| S|CS|TAMS 0x000000070f800000, 0x000000070f800000| Complete 
| 211|0x000000070f900000, 0x000000070fa00000, 0x000000070fa00000|100%| S|CS|TAMS 0x000000070f900000, 0x000000070f900000| Complete 
| 212|0x000000070fa00000, 0x000000070fa00000, 0x000000070fb00000|  0%| F|  |TAMS 0x000000070fa00000, 0x000000070fa00000| Untracked 
| 213|0x000000070fb00000, 0x000000070fb00000, 0x000000070fc00000|  0%| F|  |TAMS 0x000000070fb00000, 0x000000070fb00000| Untracked 
| 214|0x000000070fc00000, 0x000000070fc00000, 0x000000070fd00000|  0%| F|  |TAMS 0x000000070fc00000, 0x000000070fc00000| Untracked 
| 215|0x000000070fd00000, 0x000000070fd00000, 0x000000070fe00000|  0%| F|  |TAMS 0x000000070fd00000, 0x000000070fd00000| Untracked 
| 216|0x000000070fe00000, 0x000000070fe00000, 0x000000070ff00000|  0%| F|  |TAMS 0x000000070fe00000, 0x000000070fe00000| Untracked 
| 217|0x000000070ff00000, 0x000000070ff00000, 0x0000000710000000|  0%| F|  |TAMS 0x000000070ff00000, 0x000000070ff00000| Untracked 
| 218|0x0000000710000000, 0x0000000710000000, 0x0000000710100000|  0%| F|  |TAMS 0x0000000710000000, 0x0000000710000000| Untracked 
| 219|0x0000000710100000, 0x0000000710100000, 0x0000000710200000|  0%| F|  |TAMS 0x0000000710100000, 0x0000000710100000| Untracked 
| 220|0x0000000710200000, 0x0000000710200000, 0x0000000710300000|  0%| F|  |TAMS 0x0000000710200000, 0x0000000710200000| Untracked 
| 221|0x0000000710300000, 0x0000000710300000, 0x0000000710400000|  0%| F|  |TAMS 0x0000000710300000, 0x0000000710300000| Untracked 
| 222|0x0000000710400000, 0x0000000710400000, 0x0000000710500000|  0%| F|  |TAMS 0x0000000710400000, 0x0000000710400000| Untracked 
| 223|0x0000000710500000, 0x0000000710500000, 0x0000000710600000|  0%| F|  |TAMS 0x0000000710500000, 0x0000000710500000| Untracked 
| 224|0x0000000710600000, 0x0000000710600000, 0x0000000710700000|  0%| F|  |TAMS 0x0000000710600000, 0x0000000710600000| Untracked 
| 225|0x0000000710700000, 0x0000000710700000, 0x0000000710800000|  0%| F|  |TAMS 0x0000000710700000, 0x0000000710700000| Untracked 
| 226|0x0000000710800000, 0x0000000710800000, 0x0000000710900000|  0%| F|  |TAMS 0x0000000710800000, 0x0000000710800000| Untracked 
| 227|0x0000000710900000, 0x0000000710944758, 0x0000000710a00000| 26%| E|  |TAMS 0x0000000710900000, 0x0000000710900000| Complete 
| 228|0x0000000710a00000, 0x0000000710b00000, 0x0000000710b00000|100%| E|CS|TAMS 0x0000000710a00000, 0x0000000710a00000| Complete 
| 229|0x0000000710b00000, 0x0000000710c00000, 0x0000000710c00000|100%| E|CS|TAMS 0x0000000710b00000, 0x0000000710b00000| Complete 
| 230|0x0000000710c00000, 0x0000000710d00000, 0x0000000710d00000|100%| E|CS|TAMS 0x0000000710c00000, 0x0000000710c00000| Complete 
| 231|0x0000000710d00000, 0x0000000710e00000, 0x0000000710e00000|100%| E|CS|TAMS 0x0000000710d00000, 0x0000000710d00000| Complete 
| 232|0x0000000710e00000, 0x0000000710f00000, 0x0000000710f00000|100%| E|CS|TAMS 0x0000000710e00000, 0x0000000710e00000| Complete 
| 233|0x0000000710f00000, 0x0000000711000000, 0x0000000711000000|100%| E|CS|TAMS 0x0000000710f00000, 0x0000000710f00000| Complete 
| 234|0x0000000711000000, 0x0000000711100000, 0x0000000711100000|100%| E|CS|TAMS 0x0000000711000000, 0x0000000711000000| Complete 
| 235|0x0000000711100000, 0x0000000711200000, 0x0000000711200000|100%| E|CS|TAMS 0x0000000711100000, 0x0000000711100000| Complete 
| 236|0x0000000711200000, 0x0000000711300000, 0x0000000711300000|100%| E|CS|TAMS 0x0000000711200000, 0x0000000711200000| Complete 
| 237|0x0000000711300000, 0x0000000711400000, 0x0000000711400000|100%| E|CS|TAMS 0x0000000711300000, 0x0000000711300000| Complete 
| 238|0x0000000711400000, 0x0000000711500000, 0x0000000711500000|100%| E|CS|TAMS 0x0000000711400000, 0x0000000711400000| Complete 
| 239|0x0000000711500000, 0x0000000711600000, 0x0000000711600000|100%| E|CS|TAMS 0x0000000711500000, 0x0000000711500000| Complete 
| 240|0x0000000711600000, 0x0000000711700000, 0x0000000711700000|100%| E|CS|TAMS 0x0000000711600000, 0x0000000711600000| Complete 
| 241|0x0000000711700000, 0x0000000711800000, 0x0000000711800000|100%| E|CS|TAMS 0x0000000711700000, 0x0000000711700000| Complete 
| 242|0x0000000711800000, 0x0000000711900000, 0x0000000711900000|100%| E|CS|TAMS 0x0000000711800000, 0x0000000711800000| Complete 
| 243|0x0000000711900000, 0x0000000711a00000, 0x0000000711a00000|100%| E|CS|TAMS 0x0000000711900000, 0x0000000711900000| Complete 
| 244|0x0000000711a00000, 0x0000000711b00000, 0x0000000711b00000|100%| E|CS|TAMS 0x0000000711a00000, 0x0000000711a00000| Complete 
| 245|0x0000000711b00000, 0x0000000711c00000, 0x0000000711c00000|100%| E|CS|TAMS 0x0000000711b00000, 0x0000000711b00000| Complete 
| 246|0x0000000711c00000, 0x0000000711d00000, 0x0000000711d00000|100%| E|CS|TAMS 0x0000000711c00000, 0x0000000711c00000| Complete 
| 247|0x0000000711d00000, 0x0000000711e00000, 0x0000000711e00000|100%| E|CS|TAMS 0x0000000711d00000, 0x0000000711d00000| Complete 
| 248|0x0000000711e00000, 0x0000000711f00000, 0x0000000711f00000|100%| E|CS|TAMS 0x0000000711e00000, 0x0000000711e00000| Complete 
| 249|0x0000000711f00000, 0x0000000712000000, 0x0000000712000000|100%| E|  |TAMS 0x0000000711f00000, 0x0000000711f00000| Complete 
| 250|0x0000000712000000, 0x0000000712100000, 0x0000000712100000|100%| E|CS|TAMS 0x0000000712000000, 0x0000000712000000| Complete 
| 251|0x0000000712100000, 0x0000000712200000, 0x0000000712200000|100%| E|CS|TAMS 0x0000000712100000, 0x0000000712100000| Complete 
| 252|0x0000000712200000, 0x0000000712300000, 0x0000000712300000|100%| E|CS|TAMS 0x0000000712200000, 0x0000000712200000| Complete 
| 253|0x0000000712300000, 0x0000000712400000, 0x0000000712400000|100%| E|CS|TAMS 0x0000000712300000, 0x0000000712300000| Complete 

Card table byte_map: [0x0000017e184e0000,0x0000017e18cd0000] _byte_map_base: 0x0000017e14ccd000

Marking Bits (Prev, Next): (CMBitMap*) 0x0000017e7fcac9b0, (CMBitMap*) 0x0000017e7fcac978
 Prev Bits: [0x0000017e1d430000, 0x0000017e21398000)
 Next Bits: [0x0000017e194c0000, 0x0000017e1d428000)

Polling page: 0x0000017e7e430000

Metaspace:

Usage:
  Non-class:     76.75 MB capacity,    74.56 MB ( 97%) used,     1.85 MB (  2%) free+waste,   348.00 KB ( <1%) overhead. 
      Class:     10.39 MB capacity,     9.10 MB ( 88%) used,     1.12 MB ( 11%) free+waste,   165.00 KB (  2%) overhead. 
       Both:     87.14 MB capacity,    83.66 MB ( 96%) used,     2.97 MB (  3%) free+waste,   513.00 KB ( <1%) overhead. 

Virtual space:
  Non-class space:       78.00 MB reserved,      76.83 MB ( 98%) committed 
      Class space:        1.00 GB reserved,      10.50 MB (  1%) committed 
             Both:        1.08 GB reserved,      87.33 MB (  8%) committed 

Chunk freelists:
   Non-Class:  2.13 KB
       Class:  2.50 KB
        Both:  4.63 KB

CodeHeap 'non-profiled nmethods': size=120000Kb used=7012Kb max_used=7012Kb free=112987Kb
 bounds [0x0000017e0fd20000, 0x0000017e10400000, 0x0000017e17250000]
CodeHeap 'profiled nmethods': size=120000Kb used=23761Kb max_used=23761Kb free=96238Kb
 bounds [0x0000017e087f0000, 0x0000017e09f40000, 0x0000017e0fd20000]
CodeHeap 'non-nmethods': size=5760Kb used=1721Kb max_used=1761Kb free=4038Kb
 bounds [0x0000017e08250000, 0x0000017e084c0000, 0x0000017e087f0000]
 total_blobs=15257 nmethods=9472 adapters=1231
 compilation: enabled
              stopped_count=0, restarted_count=0
 full_count=0

Compilation events (10 events):
Event: 30.697 Thread 0x0000017e24a41800 10606       3       sun.awt.WeakIdentityHashMap$WeakKey::<init> (15 bytes)
Event: 30.698 Thread 0x0000017e24a41800 nmethod 10606 0x0000017e09f2d510 code [0x0000017e09f2d700, 0x0000017e09f2daf0]
Event: 30.703 Thread 0x0000017e24158800 nmethod 10584% 0x0000017e0ffcf590 code [0x0000017e0ffcf740, 0x0000017e0ffd0018]
Event: 30.704 Thread 0x0000017e24a41800 10607       3       sun.awt.WeakIdentityHashMap::get (19 bytes)
Event: 30.705 Thread 0x0000017e24a41800 nmethod 10607 0x0000017e09f2dc10 code [0x0000017e09f2de60, 0x0000017e09f2e900]
Event: 30.705 Thread 0x0000017e24a41800 10608       3       javax.swing.AbstractButton::getActionListeners (13 bytes)
Event: 30.705 Thread 0x0000017e24a41800 nmethod 10608 0x0000017e09f2ec90 code [0x0000017e09f2ee60, 0x0000017e09f2f130]
Event: 30.711 Thread 0x0000017e24158800 10609   !   4       cl::j (1294 bytes)
Event: 30.729 Thread 0x0000017e24a41800 10611       3       sun.java2d.marlin.DHelpers$PolyStack::dispose (90 bytes)
Event: 30.730 Thread 0x0000017e24a41800 nmethod 10611 0x0000017e09f2f210 code [0x0000017e09f2f400, 0x0000017e09f2f7e0]

GC Heap History (10 events):
Event: 21.677 GC heap before
{Heap before GC invocations=13 (full 0):
 garbage-first heap   total 260096K, used 200367K [0x0000000702600000, 0x0000000800000000)
  region size 1024K, 107 young (109568K), 16 survivors (16384K)
 Metaspace       used 83212K, capacity 86706K, committed 86864K, reserved 1126400K
  class space    used 9167K, capacity 10459K, committed 10496K, reserved 1048576K
}
Event: 21.690 GC heap after
{Heap after GC invocations=14 (full 0):
 garbage-first heap   total 260096K, used 136442K [0x0000000702600000, 0x0000000800000000)
  region size 1024K, 14 young (14336K), 14 survivors (14336K)
 Metaspace       used 83212K, capacity 86706K, committed 86864K, reserved 1126400K
  class space    used 9167K, capacity 10459K, committed 10496K, reserved 1048576K
}
Event: 23.801 GC heap before
{Heap before GC invocations=14 (full 0):
 garbage-first heap   total 260096K, used 140538K [0x0000000702600000, 0x0000000800000000)
  region size 1024K, 20 young (20480K), 14 survivors (14336K)
 Metaspace       used 83397K, capacity 86937K, committed 87120K, reserved 1126400K
  class space    used 9177K, capacity 10493K, committed 10496K, reserved 1048576K
}
Event: 23.809 GC heap after
{Heap after GC invocations=15 (full 0):
 garbage-first heap   total 260096K, used 140353K [0x0000000702600000, 0x0000000800000000)
  region size 1024K, 3 young (3072K), 3 survivors (3072K)
 Metaspace       used 83397K, capacity 86937K, committed 87120K, reserved 1126400K
  class space    used 9177K, capacity 10493K, committed 10496K, reserved 1048576K
}
Event: 28.521 GC heap before
{Heap before GC invocations=16 (full 0):
 garbage-first heap   total 260096K, used 180289K [0x0000000702600000, 0x0000000800000000)
  region size 1024K, 42 young (43008K), 3 survivors (3072K)
 Metaspace       used 84582K, capacity 88117K, committed 88272K, reserved 1126400K
  class space    used 9262K, capacity 10567K, committed 10624K, reserved 1048576K
}
Event: 28.532 GC heap after
{Heap after GC invocations=17 (full 0):
 garbage-first heap   total 260096K, used 147456K [0x0000000702600000, 0x0000000800000000)
  region size 1024K, 6 young (6144K), 6 survivors (6144K)
 Metaspace       used 84582K, capacity 88117K, committed 88272K, reserved 1126400K
  class space    used 9262K, capacity 10567K, committed 10624K, reserved 1048576K
}
Event: 28.626 GC heap before
{Heap before GC invocations=17 (full 0):
 garbage-first heap   total 260096K, used 152576K [0x0000000702600000, 0x0000000800000000)
  region size 1024K, 12 young (12288K), 6 survivors (6144K)
 Metaspace       used 84591K, capacity 88117K, committed 88272K, reserved 1126400K
  class space    used 9262K, capacity 10567K, committed 10624K, reserved 1048576K
}
Event: 28.629 GC heap after
{Heap after GC invocations=18 (full 0):
 garbage-first heap   total 260096K, used 144085K [0x0000000702600000, 0x0000000800000000)
  region size 1024K, 2 young (2048K), 2 survivors (2048K)
 Metaspace       used 84591K, capacity 88117K, committed 88272K, reserved 1126400K
  class space    used 9262K, capacity 10567K, committed 10624K, reserved 1048576K
}
Event: 28.931 GC heap before
{Heap before GC invocations=18 (full 0):
 garbage-first heap   total 260096K, used 185045K [0x0000000702600000, 0x0000000800000000)
  region size 1024K, 42 young (43008K), 2 survivors (2048K)
 Metaspace       used 84634K, capacity 88117K, committed 88272K, reserved 1126400K
  class space    used 9262K, capacity 10567K, committed 10624K, reserved 1048576K
}
Event: 28.933 GC heap after
{Heap after GC invocations=19 (full 0):
 garbage-first heap   total 260096K, used 148309K [0x0000000702600000, 0x0000000800000000)
  region size 1024K, 6 young (6144K), 6 survivors (6144K)
 Metaspace       used 84634K, capacity 88117K, committed 88272K, reserved 1126400K
  class space    used 9262K, capacity 10567K, committed 10624K, reserved 1048576K
}

Deoptimization events (10 events):
Event: 30.450 Thread 0x0000017e252a8800 Uncommon trap: reason=profile_predicate action=maybe_recompile pc=0x0000017e0fff3258 method=cl.j(II)V @ 882 c2
Event: 30.489 Thread 0x0000017e252a8800 Uncommon trap: reason=profile_predicate action=maybe_recompile pc=0x0000017e103edf60 method=cl.j(II)V @ 882 c2
Event: 30.531 Thread 0x0000017e252a8800 Uncommon trap: reason=profile_predicate action=maybe_recompile pc=0x0000017e103edf60 method=cl.j(II)V @ 882 c2
Event: 30.531 Thread 0x0000017e252a8800 Uncommon trap: reason=profile_predicate action=maybe_recompile pc=0x0000017e0ffbe86c method=cl.j(II)V @ 1120 c2
Event: 30.570 Thread 0x0000017e252a8800 Uncommon trap: reason=profile_predicate action=maybe_recompile pc=0x0000017e103edf60 method=cl.j(II)V @ 882 c2
Event: 30.570 Thread 0x0000017e252a8800 Uncommon trap: reason=profile_predicate action=maybe_recompile pc=0x0000017e0ffabe44 method=cl.j(II)V @ 1120 c2
Event: 30.610 Thread 0x0000017e252a8800 Uncommon trap: reason=profile_predicate action=maybe_recompile pc=0x0000017e103dfaac method=cl.j(II)V @ 882 c2
Event: 30.610 Thread 0x0000017e252a8800 Uncommon trap: reason=profile_predicate action=maybe_recompile pc=0x0000017e0ffbe86c method=cl.j(II)V @ 1120 c2
Event: 30.651 Thread 0x0000017e252a8800 Uncommon trap: reason=profile_predicate action=maybe_recompile pc=0x0000017e103f077c method=cl.j(II)V @ 931 c2
Event: 30.691 Thread 0x0000017e252a8800 Uncommon trap: reason=profile_predicate action=maybe_recompile pc=0x0000017e103f077c method=cl.j(II)V @ 931 c2

Classes redefined (0 events):
No events

Internal exceptions (10 events):
Event: 22.212 Thread 0x0000017e252a4800 Implicit null exception at 0x0000017e0fd316c7 to 0x0000017e0fd31ba6
Event: 23.809 Thread 0x0000017e252a8800 Exception <a 'java/lang/NullPointerException'{0x00000007123560a0}> (0x00000007123560a0) thrown at [t:/workspace/open/src/hotspot/share/interpreter/linkResolver.cpp, line 1354]
Event: 23.827 Thread 0x0000017e252a8800 Exception <a 'java/lang/NoSuchMethodError'{0x00000007123d56e0}: java.lang.invoke.DirectMethodHandle$Holder.invokeSpecial(Ljava/lang/Object;Ljava/lang/Object;I)V> (0x00000007123d56e0) thrown at [t:/workspace/open/src/hotspot/share/interpreter/linkResolver.
Event: 24.317 Thread 0x0000017e2632f000 Implicit null exception at 0x0000017e102899a2 to 0x0000017e10289bca
Event: 29.740 Thread 0x0000017e252a8800 Exception <a 'sun/nio/fs/WindowsException'{0x0000000711c605a0}> (0x0000000711c605a0) thrown at [t:/workspace/open/src/hotspot/share/prims/jni.cpp, line 615]
Event: 29.769 Thread 0x0000017e252a8800 Exception <a 'java/lang/NoSuchMethodError'{0x0000000711b57320}: java.lang.invoke.Invokers$Holder.linkToTargetMethod(Ljava/lang/Object;ILjava/lang/Object;Ljava/lang/Object;)Ljava/lang/Object;> (0x0000000711b57320) thrown at [t:/workspace/open/src/hotspot/s
Event: 30.065 Thread 0x0000017e2632f000 Exception <a 'java/lang/NoSuchMethodError'{0x0000000710f1f908}: java.lang.invoke.DirectMethodHandle$Holder.invokeVirtual(Ljava/lang/Object;Ljava/lang/Object;Ljava/lang/Object;I)V> (0x0000000710f1f908) thrown at [t:/workspace/open/src/hotspot/share/interpr
Event: 30.069 Thread 0x0000017e2632f000 Exception <a 'java/lang/NoSuchMethodError'{0x0000000710feb2d8}: java.lang.invoke.DirectMethodHandle$Holder.invokeStatic(Ljava/lang/Object;Ljava/lang/Object;Ljava/lang/Object;ILjava/lang/Object;)V> (0x0000000710feb2d8) thrown at [t:/workspace/open/src/hots
Event: 30.084 Thread 0x0000017e2632f000 Exception <a 'java/lang/NoSuchMethodError'{0x0000000710e42a28}: java.lang.invoke.DirectMethodHandle$Holder.invokeVirtual(Ljava/lang/Object;Ljava/lang/Object;)J> (0x0000000710e42a28) thrown at [t:/workspace/open/src/hotspot/share/interpreter/linkResolver.c
Event: 30.090 Thread 0x0000017e2632f000 Exception <a 'java/lang/NoSuchMethodError'{0x0000000710e48e30}: java.lang.invoke.DirectMethodHandle$Holder.invokeStatic(Ljava/lang/Object;JJ)J> (0x0000000710e48e30) thrown at [t:/workspace/open/src/hotspot/share/interpreter/linkResolver.cpp, line 772]

Events (10 events):
Event: 30.610 Thread 0x0000017e252a8800 DEOPT PACKING pc=0x0000017e0ffbe86c sp=0x000000715126e740
Event: 30.610 Thread 0x0000017e252a8800 DEOPT UNPACKING pc=0x0000017e082791af sp=0x000000715126e6b0 mode 2
Event: 30.646 Thread 0x0000017e320e3000 Thread exited: 0x0000017e320e3000
Event: 30.646 Thread 0x0000017e320e1800 Thread exited: 0x0000017e320e1800
Event: 30.651 Thread 0x0000017e252a8800 Uncommon trap: trap_request=0xffffffbe fr.pc=0x0000017e103f077c relative=0x000000000000157c
Event: 30.651 Thread 0x0000017e252a8800 DEOPT PACKING pc=0x0000017e103f077c sp=0x000000715126e730
Event: 30.651 Thread 0x0000017e252a8800 DEOPT UNPACKING pc=0x0000017e082791af sp=0x000000715126e6a0 mode 2
Event: 30.691 Thread 0x0000017e252a8800 Uncommon trap: trap_request=0xffffffbe fr.pc=0x0000017e103f077c relative=0x000000000000157c
Event: 30.691 Thread 0x0000017e252a8800 DEOPT PACKING pc=0x0000017e103f077c sp=0x000000715126e730
Event: 30.691 Thread 0x0000017e252a8800 DEOPT UNPACKING pc=0x0000017e082791af sp=0x000000715126e6a0 mode 2


Dynamic libraries:
0x00007ff6221b0000 - 0x00007ff6221f7000 	C:\Program Files\Java\jdk-11.0.2\bin\java.exe
0x00007fffc7b70000 - 0x00007fffc7d65000 	C:\WINDOWS\SYSTEM32\ntdll.dll
0x00007fffc70e0000 - 0x00007fffc719e000 	C:\WINDOWS\System32\KERNEL32.DLL
0x00007fffc57c0000 - 0x00007fffc5a89000 	C:\WINDOWS\System32\KERNELBASE.dll
0x00007fffc7340000 - 0x00007fffc73ec000 	C:\WINDOWS\System32\ADVAPI32.dll
0x00007fffc72a0000 - 0x00007fffc733e000 	C:\WINDOWS\System32\msvcrt.dll
0x00007fffc68d0000 - 0x00007fffc696b000 	C:\WINDOWS\System32\sechost.dll
0x00007fffc75b0000 - 0x00007fffc76da000 	C:\WINDOWS\System32\RPCRT4.dll
0x00007fffc7790000 - 0x00007fffc7931000 	C:\WINDOWS\System32\USER32.dll
0x00007fffc5b90000 - 0x00007fffc5bb2000 	C:\WINDOWS\System32\win32u.dll
0x00007fffc73f0000 - 0x00007fffc741b000 	C:\WINDOWS\System32\GDI32.dll
0x00007fffc53d0000 - 0x00007fffc54db000 	C:\WINDOWS\System32\gdi32full.dll
0x00007fffc5510000 - 0x00007fffc55ad000 	C:\WINDOWS\System32\msvcp_win.dll
0x00007fffc5a90000 - 0x00007fffc5b90000 	C:\WINDOWS\System32\ucrtbase.dll
0x00007fffaed90000 - 0x00007fffaf02a000 	C:\WINDOWS\WinSxS\amd64_microsoft.windows.common-controls_6595b64144ccf1df_6.0.19041.1110_none_60b5254171f9507e\COMCTL32.dll
0x00007fffbf630000 - 0x00007fffbf63a000 	C:\WINDOWS\SYSTEM32\VERSION.dll
0x00007fffc71a0000 - 0x00007fffc71d0000 	C:\WINDOWS\System32\IMM32.DLL
0x00007fffbc5c0000 - 0x00007fffbc5d6000 	C:\Program Files\Java\jdk-11.0.2\bin\vcruntime140.dll
0x00007fff91e50000 - 0x00007fff91efa000 	C:\Program Files\Java\jdk-11.0.2\bin\msvcp140.dll
0x00007fff3d070000 - 0x00007fff3db97000 	C:\Program Files\Java\jdk-11.0.2\bin\server\jvm.dll
0x00007fffc5f20000 - 0x00007fffc5f28000 	C:\WINDOWS\System32\PSAPI.DLL
0x00007fffb4420000 - 0x00007fffb4429000 	C:\WINDOWS\SYSTEM32\WSOCK32.dll
0x00007fffc7420000 - 0x00007fffc748b000 	C:\WINDOWS\System32\WS2_32.dll
0x00007fffb8170000 - 0x00007fffb8197000 	C:\WINDOWS\SYSTEM32\WINMM.dll
0x00007fffc3b60000 - 0x00007fffc3b72000 	C:\WINDOWS\SYSTEM32\kernel.appcore.dll
0x00007fffb6080000 - 0x00007fffb6091000 	C:\Program Files\Java\jdk-11.0.2\bin\verify.dll
0x00007fffc30a0000 - 0x00007fffc3284000 	C:\WINDOWS\SYSTEM32\DBGHELP.DLL
0x00007fffbd370000 - 0x00007fffbd39c000 	C:\WINDOWS\SYSTEM32\dbgcore.DLL
0x00007fffc5340000 - 0x00007fffc53c3000 	C:\WINDOWS\System32\bcryptPrimitives.dll
0x00007fffa08e0000 - 0x00007fffa0909000 	C:\Program Files\Java\jdk-11.0.2\bin\java.dll
0x00007fffa10b0000 - 0x00007fffa10c6000 	C:\Program Files\Java\jdk-11.0.2\bin\zip.dll
0x00007fffbefe0000 - 0x00007fffbefea000 	C:\Program Files\Java\jdk-11.0.2\bin\jimage.dll
0x00007fffc6970000 - 0x00007fffc70af000 	C:\WINDOWS\System32\SHELL32.dll
0x00007fffc3370000 - 0x00007fffc3b00000 	C:\WINDOWS\SYSTEM32\windows.storage.dll
0x00007fffc5bc0000 - 0x00007fffc5f15000 	C:\WINDOWS\System32\combase.dll
0x00007fffc4ce0000 - 0x00007fffc4d0c000 	C:\WINDOWS\SYSTEM32\Wldp.dll
0x00007fffc76e0000 - 0x00007fffc778e000 	C:\WINDOWS\System32\SHCORE.dll
0x00007fffc7a70000 - 0x00007fffc7ac5000 	C:\WINDOWS\System32\shlwapi.dll
0x00007fffc51d0000 - 0x00007fffc51ef000 	C:\WINDOWS\SYSTEM32\profapi.dll
0x00007fffa0970000 - 0x00007fffa0989000 	C:\Program Files\Java\jdk-11.0.2\bin\net.dll
0x00007fffbc7d0000 - 0x00007fffbc8d8000 	C:\WINDOWS\SYSTEM32\WINHTTP.dll
0x00007fffb6300000 - 0x00007fffb64eb000 	C:\WINDOWS\SYSTEM32\urlmon.dll
0x00007fffb5a20000 - 0x00007fffb5cd0000 	C:\WINDOWS\SYSTEM32\iertutil.dll
0x00007fffc4820000 - 0x00007fffc482c000 	C:\WINDOWS\SYSTEM32\netutils.dll
0x00007fffb7f90000 - 0x00007fffb7fb8000 	C:\WINDOWS\SYSTEM32\srvcli.dll
0x00007fffc49f0000 - 0x00007fffc4a5a000 	C:\WINDOWS\system32\mswsock.dll
0x00007fffa08c0000 - 0x00007fffa08d3000 	C:\Program Files\Java\jdk-11.0.2\bin\nio.dll
0x00007fffbc6e0000 - 0x00007fffbc6ed000 	C:\Program Files\Java\jdk-11.0.2\bin\sunmscapi.dll
0x00007fffc5660000 - 0x00007fffc57b6000 	C:\WINDOWS\System32\CRYPT32.dll
0x00007fffc4d50000 - 0x00007fffc4d77000 	C:\WINDOWS\SYSTEM32\ncrypt.dll
0x00007fffc4d10000 - 0x00007fffc4d4b000 	C:\WINDOWS\SYSTEM32\NTASN1.dll
0x00007fff9fb70000 - 0x00007fff9fb97000 	C:\Program Files\Java\jdk-11.0.2\bin\sunec.dll
0x00007fffc4c40000 - 0x00007fffc4c58000 	C:\WINDOWS\SYSTEM32\CRYPTSP.dll
0x00007fffc42f0000 - 0x00007fffc4324000 	C:\WINDOWS\system32\rsaenh.dll
0x00007fffc54e0000 - 0x00007fffc5507000 	C:\WINDOWS\System32\bcrypt.dll
0x00007fffc5190000 - 0x00007fffc51be000 	C:\WINDOWS\SYSTEM32\USERENV.dll
0x00007fffc4c30000 - 0x00007fffc4c3c000 	C:\WINDOWS\SYSTEM32\CRYPTBASE.dll
0x00007fffc46c0000 - 0x00007fffc46fb000 	C:\WINDOWS\SYSTEM32\IPHLPAPI.DLL
0x00007fffc6290000 - 0x00007fffc6298000 	C:\WINDOWS\System32\NSI.dll
0x00007fffbe930000 - 0x00007fffbe947000 	C:\WINDOWS\SYSTEM32\dhcpcsvc6.DLL
0x00007fffbe860000 - 0x00007fffbe87d000 	C:\WINDOWS\SYSTEM32\dhcpcsvc.DLL
0x00007fffc4700000 - 0x00007fffc47cc000 	C:\WINDOWS\SYSTEM32\DNSAPI.dll
0x00007fff5ce90000 - 0x00007fff5d02f000 	C:\Program Files\Java\jdk-11.0.2\bin\awt.dll
0x00007fffc71d0000 - 0x00007fffc729d000 	C:\WINDOWS\System32\OLEAUT32.dll
0x00007fffc1670000 - 0x00007fffc1c30000 	C:\WINDOWS\SYSTEM32\d2d1.dll
0x00007fffc2890000 - 0x00007fffc2920000 	C:\WINDOWS\SYSTEM32\apphelp.dll
0x00007fffc2940000 - 0x00007fffc29de000 	C:\WINDOWS\system32\uxtheme.dll
0x00007fffc7490000 - 0x00007fffc75a5000 	C:\WINDOWS\System32\MSCTF.dll
0x00007fffc7940000 - 0x00007fffc7a6a000 	C:\WINDOWS\System32\ole32.dll
0x00007fffc2cf0000 - 0x00007fffc2d1f000 	C:\WINDOWS\system32\DWMAPI.DLL
0x00007fff8ea60000 - 0x00007fff8eb85000 	C:\WINDOWS\system32\opengl32.dll
0x00007fff8f8f0000 - 0x00007fff8f91c000 	C:\WINDOWS\SYSTEM32\GLU32.dll
0x00007fff985a0000 - 0x00007fff9876e000 	C:\WINDOWS\system32\d3d9.dll
0x00007fff651f0000 - 0x00007fff65353000 	C:\WINDOWS\System32\DriverStore\FileRepository\iigd_dch.inf_amd64_a086f01cc7be643a\igdumdim64.dll
0x00007fff34780000 - 0x00007fff38184000 	C:\WINDOWS\System32\DriverStore\FileRepository\iigd_dch.inf_amd64_a086f01cc7be643a\igd9dxva64.dll
0x00007fffc62a0000 - 0x00007fffc6712000 	C:\WINDOWS\System32\SETUPAPI.dll
0x00007fffc52f0000 - 0x00007fffc533e000 	C:\WINDOWS\System32\cfgmgr32.dll
0x00007fff9b3e0000 - 0x00007fff9b61f000 	C:\WINDOWS\System32\DriverStore\FileRepository\iigd_dch.inf_amd64_a086f01cc7be643a\igdgmm64.dll
0x00007fffa4b90000 - 0x00007fffa4c92000 	C:\WINDOWS\System32\DriverStore\FileRepository\nvmii.inf_amd64_0d908e7baabeb056\nvldumdx.dll
0x00007fffbd420000 - 0x00007fffbd451000 	C:\WINDOWS\SYSTEM32\cryptnet.dll
0x00007fffc5290000 - 0x00007fffc52f0000 	C:\WINDOWS\System32\WINTRUST.DLL
0x00007fffc4e70000 - 0x00007fffc4e82000 	C:\WINDOWS\SYSTEM32\MSASN1.dll
0x00007fffc70c0000 - 0x00007fffc70dd000 	C:\WINDOWS\System32\imagehlp.dll
0x00007fff6d2d0000 - 0x00007fff6ea72000 	C:\WINDOWS\System32\DriverStore\FileRepository\nvmii.inf_amd64_0d908e7baabeb056\nvd3dumx.dll
0x00007fffc4a60000 - 0x00007fffc4aab000 	C:\WINDOWS\SYSTEM32\powrprof.dll
0x00007fffc49d0000 - 0x00007fffc49e2000 	C:\WINDOWS\SYSTEM32\UMPDC.dll
0x00007fff80040000 - 0x00007fff802f9000 	C:\WINDOWS\system32\nvspcap64.dll
0x00007fffc3f80000 - 0x00007fffc3fb3000 	C:\WINDOWS\SYSTEM32\ntmarta.dll
0x00007fffc3b10000 - 0x00007fffc3b33000 	C:\WINDOWS\SYSTEM32\gpapi.dll
0x00007fffa5060000 - 0x00007fffa509b000 	C:\WINDOWS\SYSTEM32\dxcore.dll
0x00007fff84d50000 - 0x00007fff84dd0000 	C:\Program Files\Java\jdk-11.0.2\bin\freetype.dll
0x00007fff83a20000 - 0x00007fff83a8f000 	C:\Program Files\Java\jdk-11.0.2\bin\fontmanager.dll
0x00007fffa4940000 - 0x00007fffa4a39000 	C:\WINDOWS\SYSTEM32\textinputframework.dll
0x00007fffc2300000 - 0x00007fffc265e000 	C:\WINDOWS\System32\CoreUIComponents.dll
0x00007fffc2760000 - 0x00007fffc2852000 	C:\WINDOWS\System32\CoreMessaging.dll
0x00007fffc1c30000 - 0x00007fffc1d84000 	C:\WINDOWS\SYSTEM32\wintypes.dll
0x00007fffb81a0000 - 0x00007fffb8206000 	C:\WINDOWS\system32\Oleacc.dll
0x00007fffbc030000 - 0x00007fffbc03a000 	C:\Windows\System32\rasadhlp.dll
0x00007fffbb7c0000 - 0x00007fffbb83f000 	C:\WINDOWS\System32\fwpuclnt.dll
0x00007fff9e6a0000 - 0x00007fff9e6e4000 	C:\Users\zjerv\AppData\Local\Temp\jna-115928121\jna5519089779470203586.dll
0x00007fff824b0000 - 0x00007fff8254c000 	C:\Users\zjerv\AppData\Local\Temp\jna-115928121\jna15769102830610113515.dll
0x00007fff81190000 - 0x00007fff8120f000 	C:\Program Files\Java\jdk-11.0.2\bin\mlib_image.dll
0x00007fffbeae0000 - 0x00007fffbeaeb000 	C:\WINDOWS\SYSTEM32\WINNSI.DLL
0x00007fffbbfe0000 - 0x00007fffbbfe9000 	C:\Program Files\Java\jdk-11.0.2\bin\management.dll
0x00007fffbb970000 - 0x00007fffbb97c000 	C:\Program Files\Java\jdk-11.0.2\bin\management_ext.dll
0x00007fffc61e0000 - 0x00007fffc6289000 	C:\WINDOWS\System32\clbcatq.dll
0x00007fffa6810000 - 0x00007fffa69c4000 	C:\WINDOWS\SYSTEM32\WindowsCodecs.dll
0x00007fff8f400000 - 0x00007fff8f43e000 	C:\WINDOWS\system32\dataexchange.dll
0x00007fffc0fa0000 - 0x00007fffc1204000 	C:\WINDOWS\system32\d3d11.dll
0x00007fffc1d90000 - 0x00007fffc1f76000 	C:\WINDOWS\system32\dcomp.dll
0x00007fffc3b80000 - 0x00007fffc3c74000 	C:\WINDOWS\system32\dxgi.dll
0x00007fffbd710000 - 0x00007fffbd911000 	C:\WINDOWS\system32\twinapi.appcore.dll
0x00007fffc0280000 - 0x00007fffc032e000 	C:\WINDOWS\SYSTEM32\mscms.dll
0x00007fffbfdf0000 - 0x00007fffbfe01000 	C:\WINDOWS\SYSTEM32\ColorAdapterClient.dll
0x00007fffa1f40000 - 0x00007fffa1f83000 	C:\WINDOWS\SYSTEM32\icm32.dll
0x000000006e8c0000 - 0x000000006e8cd000 	C:\Users\zjerv\AppData\Local\Temp\jogamp_0000\file_cache\jln16150452309985357474\jln15603986528638004179\natives\windows-amd64\gluegen_rt.dll
0x00007fffbc490000 - 0x00007fffbc497000 	C:\Program Files\Java\jdk-11.0.2\bin\jawt.dll
0x000000006a440000 - 0x000000006a44d000 	C:\Users\zjerv\AppData\Local\Temp\jogamp_0000\file_cache\jln16150452309985357474\jln15603986528638004179\natives\windows-amd64\nativewindow_awt.dll
0x000000006c100000 - 0x000000006c110000 	C:\Users\zjerv\AppData\Local\Temp\jogamp_0000\file_cache\jln16150452309985357474\jln15603986528638004179\natives\windows-amd64\nativewindow_win32.dll
0x0000000064500000 - 0x0000000064585000 	C:\Users\zjerv\AppData\Local\Temp\jogamp_0000\file_cache\jln16150452309985357474\jln15603986528638004179\natives\windows-amd64\jogl_desktop.dll
0x0000000064340000 - 0x0000000064391000 	C:\Users\zjerv\AppData\Local\Temp\jogamp_0000\file_cache\jln16150452309985357474\jln15603986528638004179\natives\windows-amd64\jogl_mobile.dll
0x00007fffbe990000 - 0x00007fffbea89000 	C:\Windows\System32\AppXDeploymentClient.dll
0x00007fff1f4d0000 - 0x00007fff20495000 	C:\WINDOWS\System32\DriverStore\FileRepository\iigd_dch.inf_amd64_a086f01cc7be643a\ig9icd64.dll
0x00007fff72990000 - 0x00007fff72da5000 	C:\WINDOWS\System32\DriverStore\FileRepository\iigd_dch.inf_amd64_a086f01cc7be643a\igdml64.dll
0x00007fff98770000 - 0x00007fff9b3d2000 	C:\WINDOWS\System32\DriverStore\FileRepository\iigd_dch.inf_amd64_a086f01cc7be643a\igc64.dll
0x00007fffa06c0000 - 0x00007fffa06d2000 	C:\Program Files\Java\jdk-11.0.2\bin\jsound.dll
0x00007fff87990000 - 0x00007fff87a2c000 	C:\WINDOWS\SYSTEM32\DSOUND.dll
0x00007fffb7540000 - 0x00007fffb7566000 	C:\WINDOWS\SYSTEM32\winmmbase.dll

dbghelp: loaded successfully - version: 4.0.5 - missing functions: none
symbol engine: initialized successfully - sym options: 0x614 - pdb path: .;C:\Program Files\Java\jdk-11.0.2\bin;C:\WINDOWS\SYSTEM32;C:\WINDOWS\WinSxS\amd64_microsoft.windows.common-controls_6595b64144ccf1df_6.0.19041.1110_none_60b5254171f9507e;C:\Program Files\Java\jdk-11.0.2\bin\server;C:\WINDOWS\System32\DriverStore\FileRepository\iigd_dch.inf_amd64_a086f01cc7be643a;C:\WINDOWS\System32\DriverStore\FileRepository\nvmii.inf_amd64_0d908e7baabeb056;C:\Users\zjerv\AppData\Local\Temp\jna-115928121;C:\Users\zjerv\AppData\Local\Temp\jogamp_0000\file_cache\jln16150452309985357474\jln15603986528638004179\natives\windows-amd64

VM Arguments:
jvm_args: -enableassertions -Dfile.encoding=UTF-8 
java_command: com.lronnobank.qpplugin.ExamplePluginTest
java_class_path (initial): D:\NavHub\Development\runelite\qpplugin\qpplugin\bin\main;D:\NavHub\Development\runelite\qpplugin\qpplugin\bin\test;C:\Users\zjerv\.gradle\caches\modules-2\files-2.1\net.runelite\client\1.7.27\147ff9a931fe29747dc3759548ea0596bf8d68e7\client-1.7.27.jar;C:\Users\zjerv\.m2\repository\ch\qos\logback\logback-classic\1.2.3\logback-classic-1.2.3.jar;C:\Users\zjerv\.gradle\caches\modules-2\files-2.1\net.runelite\runelite-api\1.7.27\f7bbe34d2fdcfd36039c289d4a2393045b643a6b\runelite-api-1.7.27.jar;C:\Users\zjerv\.gradle\caches\modules-2\files-2.1\net.runelite\http-api\1.7.27\122e1dd28146c08593bbdbb0e8662664ee63f210\http-api-1.7.27.jar;C:\Users\zjerv\.m2\repository\org\slf4j\slf4j-api\1.7.25\slf4j-api-1.7.25.jar;C:\Users\zjerv\.m2\repository\net\sf\jopt-simple\jopt-simple\5.0.1\jopt-simple-5.0.1.jar;C:\Users\zjerv\.m2\repository\com\google\inject\guice\4.1.0\guice-4.1.0-no_aop.jar;C:\Users\zjerv\.m2\repository\com\google\guava\guava\23.2-jre\guava-23.2-jre.jar;C:\Users\zjerv\.m2\repository\com\google\code\gson\gson\2.8.5\gson-2.8.5.jar;C:\Users\zjerv\.m2\repository\net\runelite\pushingpixels\substance\8.0.02\substance-8.0.02.jar;C:\Users\zjerv\.m2\repository\org\apache\commons\commons-text\1.2\commons-text-1.2.jar;C:\Users\zjerv\.gradle\caches\modules-2\files-2.1\net.runelite.jogl\jogl-all\2.4.0-rc-20200429\c80e1f67e9314b9b95862bf2c7a86caa8e904f02\jogl-all-2.4.0-rc-20200429.jar;C:\Users\zjerv\.gradle\caches\modules-2\files-2.1\net.runelite.gluegen\gluegen-rt\2.4.0-rc-20200429\1a63e5e0ed5c6bab6b58304a4bc69a9ba45de841\gluegen-rt-2.4.0-rc-20200429.jar;C:\Users\zjerv\.gradle\caches\modules-2\files-2.1\net.runelite.jocl\jocl\1.0\6794c67e573be36cdc2a3be131e21520b9964f07\jocl-1.0.jar;C:\Users\zjerv\.gradle\caches\modules-2\files-2.1\net.runelite\archive-patcher\1.0\eb61a8856ba9bb00f003a255d5339c53ed51bd65\archive-patcher-1.0.jar;C:\Users\zjerv\.gradle\caches\modules-2\files-2.1\net.java.dev.jna\jna-platform\5.9.0\c535a5bda553d7d7690356c825010da74b2671b5\j
Launcher Type: SUN_STANDARD

[Global flags]
     intx CICompilerCount                          = 4                                         {product} {ergonomic}
     uint ConcGCThreads                            = 3                                         {product} {ergonomic}
     uint G1ConcRefinementThreads                  = 10                                        {product} {ergonomic}
   size_t G1HeapRegionSize                         = 1048576                                   {product} {ergonomic}
    uintx GCDrainStackTargetSize                   = 64                                        {product} {ergonomic}
   size_t InitialHeapSize                          = 266338304                                 {product} {ergonomic}
   size_t MarkStackSize                            = 4194304                                   {product} {ergonomic}
   size_t MaxHeapSize                              = 4255121408                                {product} {ergonomic}
   size_t MaxNewSize                               = 2552233984                                {product} {ergonomic}
   size_t MinHeapDeltaBytes                        = 1048576                                   {product} {ergonomic}
    uintx NonNMethodCodeHeapSize                   = 5835340                                {pd product} {ergonomic}
    uintx NonProfiledCodeHeapSize                  = 122911450                              {pd product} {ergonomic}
    uintx ProfiledCodeHeapSize                     = 122911450                              {pd product} {ergonomic}
    uintx ReservedCodeCacheSize                    = 251658240                              {pd product} {ergonomic}
     bool SegmentedCodeCache                       = true                                      {product} {ergonomic}
     bool UseCompressedClassPointers               = true                                 {lp64_product} {ergonomic}
     bool UseCompressedOops                        = true                                 {lp64_product} {ergonomic}
     bool UseG1GC                                  = true                                      {product} {ergonomic}
     bool UseLargePagesIndividualAllocation        = false                                  {pd product} {ergonomic}

Logging:
Log output configuration:
 #0: stdout all=warning uptime,level,tags
 #1: stderr all=off uptime,level,tags

Environment Variables:
PATH=C:\Program Files (x86)\Common Files\Oracle\Java\javapath;C:\Program Files (x86)\Java\jdk1.8.0_241\bin;C:\Program Files (x86)\Intel\Intel(R) Management Engine Components\iCLS\;C:\Program Files\Intel\Intel(R) Management Engine Components\iCLS\;C:\Windows\system32;C:\Windows;C:\Windows\System32\Wbem;C:\Windows\System32\WindowsPowerShell\v1.0\;C:\Windows\System32\OpenSSH\;C:\Program Files (x86)\Intel\Intel(R) Management Engine Components\DAL;C:\Program Files\Intel\Intel(R) Management Engine Components\DAL;C:\Program Files (x86)\Intel\Intel(R) Management Engine Components\IPT;C:\Program Files\Intel\Intel(R) Management Engine Components\IPT;C:\Program Files\Intel\WiFi\bin\;C:\Program Files\Common Files\Intel\WirelessCommon\;C:\Program Files\NVIDIA Corporation\NVIDIA NvDLISR;C:\WINDOWS\system32;C:\WINDOWS;C:\WINDOWS\System32\Wbem;C:\WINDOWS\System32\WindowsPowerShell\v1.0\;C:\WINDOWS\System32\OpenSSH\;D:\NavHub\Development\nodejs;C:\Program Files\dotnet\;C:\WINDOWS\system32;C:\WINDOWS;C:\WINDOWS\System32\Wbem;C:\WINDOWS\System32\WindowsPowerShell\v1.0\;C:\WINDOWS\System32\OpenSSH\;C:\Program Files (x86)\NVIDIA Corporation\PhysX\Common;C:\Program Files\Git\cmd;C:\Program Files (x86)\Java\jdk1.8.0_241\bin;C:\Program Files (x86)\Intel\Intel(R) Management Engine Components\iCLS\;C:\Program Files\Intel\Intel(R) Management Engine Components\iCLS\;C:\Windows\system32;C:\Windows;C:\Windows\System32\Wbem;C:\Windows\System32\WindowsPowerShell\v1.0\;C:\Windows\System32\OpenSSH\;C:\Program Files (x86)\Intel\Intel(R) Management Engine Components\DAL;C:\Program Files\Intel\Intel(R) Management Engine Components\DAL;C:\Program Files (x86)\Intel\Intel(R) Management Engine Components\IPT;C:\Program Files\Intel\Intel(R) Management Engine Components\IPT;C:\Program Files\Intel\WiFi\bin\;C:\Program Files\Common Files\Intel\WirelessCommon\;C:\Program Files\NVIDIA Corporation\NVIDIA NvDLISR;C:\WINDOWS\system32;C:\WINDOWS;C:\WINDOWS\System32\Wbem;C:\WINDOWS\System32\WindowsPowerShell\v1.0\;C:\WI
USERNAME=zjerv
OS=Windows_NT
PROCESSOR_IDENTIFIER=Intel64 Family 6 Model 158 Stepping 10, GenuineIntel



---------------  S Y S T E M  ---------------

OS: Windows 10 , 64 bit Build 19041 (10.0.19041.1202)

CPU:total 12 (initial active 12) (6 cores per cpu, 2 threads per core) family 6 model 158 stepping 10, cmov, cx8, fxsr, mmx, sse, sse2, sse3, ssse3, sse4.1, sse4.2, popcnt, avx, avx2, aes, clmul, erms, 3dnowpref, lzcnt, ht, tsc, tscinvbit, bmi1, bmi2, adx, fma

Memory: 4k page, system-wide physical 16226M (2172M free)
TotalPageFile size 37078M (AvailPageFile size 3975M)
current process WorkingSet (physical memory assigned to process): 769M, peak: 858M
current process commit charge ("private bytes"): 694M, peak: 724M

vm_info: Java HotSpot(TM) 64-Bit Server VM (11.0.2+9-LTS) for windows-amd64 JRE (11.0.2+9-LTS), built on Jan 18 2019 05:24:10 by "mach5one" with MS VC++ 15.5 (VS2017)

END.
